Analysis & Synthesis report for IDCTNORMAL
Tue Oct 28 01:03:52 2014
Quartus II 64-Bit Version 12.1 Build 177 11/07/2012 SJ Web Edition


---------------------
; Table of Contents ;
---------------------
  1. Legal Notice
  2. Analysis & Synthesis Summary
  3. Analysis & Synthesis Settings
  4. Parallel Compilation
  5. Analysis & Synthesis Source Files Read
  6. Analysis & Synthesis Resource Usage Summary
  7. Analysis & Synthesis Resource Utilization by Entity
  8. General Register Statistics
  9. Inverted Register Statistics
 10. Port Connectivity Checks: "BarreiraReg:barreira_reg_entrada"
 11. Elapsed Time Per Partition
 12. Analysis & Synthesis Messages



----------------
; Legal Notice ;
----------------
Copyright (C) 1991-2012 Altera Corporation
Your use of Altera Corporation's design tools, logic functions 
and other software and tools, and its AMPP partner logic 
functions, and any output files from any of the foregoing 
(including device programming or simulation files), and any 
associated documentation or information are expressly subject 
to the terms and conditions of the Altera Program License 
Subscription Agreement, Altera MegaCore Function License 
Agreement, or other applicable license agreement, including, 
without limitation, that your use is for the sole purpose of 
programming logic devices manufactured by Altera and sold by 
Altera or its authorized distributors.  Please refer to the 
applicable agreement for further details.



+----------------------------------------------------------------------------+
; Analysis & Synthesis Summary                                               ;
+---------------------------------+------------------------------------------+
; Analysis & Synthesis Status     ; Successful - Tue Oct 28 01:03:52 2014    ;
; Quartus II 64-Bit Version       ; 12.1 Build 177 11/07/2012 SJ Web Edition ;
; Revision Name                   ; IDCTNORMAL                               ;
; Top-level Entity Name           ; IDCT_4x4_Otimizada                       ;
; Family                          ; Cyclone V                                ;
; Logic utilization (in ALMs)     ; N/A                                      ;
; Total registers                 ; 347                                      ;
; Total pins                      ; 101                                      ;
; Total virtual pins              ; 0                                        ;
; Total block memory bits         ; 0                                        ;
; Total DSP Blocks                ; 0                                        ;
; Total HSSI RX PCSs              ; 0                                        ;
; Total HSSI PMA RX Deserializers ; 0                                        ;
; Total HSSI TX PCSs              ; 0                                        ;
; Total HSSI PMA TX Serializers   ; 0                                        ;
; Total PLLs                      ; 0                                        ;
; Total DLLs                      ; 0                                        ;
+---------------------------------+------------------------------------------+


+---------------------------------------------------------------------------------------------------------------------------+
; Analysis & Synthesis Settings                                                                                             ;
+---------------------------------------------------------------------------------+--------------------+--------------------+
; Option                                                                          ; Setting            ; Default Value      ;
+---------------------------------------------------------------------------------+--------------------+--------------------+
; Device                                                                          ; 5CGTFD5C5F23C7     ;                    ;
; Top-level entity name                                                           ; IDCT_4x4_Otimizada ; IDCTNORMAL         ;
; Family name                                                                     ; Cyclone V          ; Cyclone IV GX      ;
; Use smart compilation                                                           ; Off                ; Off                ;
; Enable parallel Assembler and TimeQuest Timing Analyzer during compilation      ; On                 ; On                 ;
; Enable compact report table                                                     ; Off                ; Off                ;
; Restructure Multiplexers                                                        ; Auto               ; Auto               ;
; MLAB Add Timing Constraints For Mixed-Port Feed-Through Mode Setting Don't Care ; Off                ; Off                ;
; Create Debugging Nodes for IP Cores                                             ; Off                ; Off                ;
; Preserve fewer node names                                                       ; On                 ; On                 ;
; Disable OpenCore Plus hardware evaluation                                       ; Off                ; Off                ;
; Verilog Version                                                                 ; Verilog_2001       ; Verilog_2001       ;
; VHDL Version                                                                    ; VHDL_1993          ; VHDL_1993          ;
; State Machine Processing                                                        ; Auto               ; Auto               ;
; Safe State Machine                                                              ; Off                ; Off                ;
; Extract Verilog State Machines                                                  ; On                 ; On                 ;
; Extract VHDL State Machines                                                     ; On                 ; On                 ;
; Ignore Verilog initial constructs                                               ; Off                ; Off                ;
; Iteration limit for constant Verilog loops                                      ; 5000               ; 5000               ;
; Iteration limit for non-constant Verilog loops                                  ; 250                ; 250                ;
; Add Pass-Through Logic to Inferred RAMs                                         ; On                 ; On                 ;
; Infer RAMs from Raw Logic                                                       ; On                 ; On                 ;
; Parallel Synthesis                                                              ; On                 ; On                 ;
; DSP Block Balancing                                                             ; Auto               ; Auto               ;
; NOT Gate Push-Back                                                              ; On                 ; On                 ;
; Power-Up Don't Care                                                             ; On                 ; On                 ;
; Remove Redundant Logic Cells                                                    ; Off                ; Off                ;
; Remove Duplicate Registers                                                      ; On                 ; On                 ;
; Ignore CARRY Buffers                                                            ; Off                ; Off                ;
; Ignore CASCADE Buffers                                                          ; Off                ; Off                ;
; Ignore GLOBAL Buffers                                                           ; Off                ; Off                ;
; Ignore ROW GLOBAL Buffers                                                       ; Off                ; Off                ;
; Ignore LCELL Buffers                                                            ; Off                ; Off                ;
; Ignore SOFT Buffers                                                             ; On                 ; On                 ;
; Limit AHDL Integers to 32 Bits                                                  ; Off                ; Off                ;
; Optimization Technique                                                          ; Balanced           ; Balanced           ;
; Carry Chain Length                                                              ; 70                 ; 70                 ;
; Auto Carry Chains                                                               ; On                 ; On                 ;
; Auto Open-Drain Pins                                                            ; On                 ; On                 ;
; Perform WYSIWYG Primitive Resynthesis                                           ; Off                ; Off                ;
; Auto ROM Replacement                                                            ; On                 ; On                 ;
; Auto RAM Replacement                                                            ; On                 ; On                 ;
; Auto DSP Block Replacement                                                      ; On                 ; On                 ;
; Auto Shift Register Replacement                                                 ; Auto               ; Auto               ;
; Allow Shift Register Merging across Hierarchies                                 ; Auto               ; Auto               ;
; Auto Clock Enable Replacement                                                   ; On                 ; On                 ;
; Strict RAM Replacement                                                          ; Off                ; Off                ;
; Allow Synchronous Control Signals                                               ; On                 ; On                 ;
; Force Use of Synchronous Clear Signals                                          ; Off                ; Off                ;
; Auto Resource Sharing                                                           ; Off                ; Off                ;
; Allow Any RAM Size For Recognition                                              ; Off                ; Off                ;
; Allow Any ROM Size For Recognition                                              ; Off                ; Off                ;
; Allow Any Shift Register Size For Recognition                                   ; Off                ; Off                ;
; Use LogicLock Constraints during Resource Balancing                             ; On                 ; On                 ;
; Ignore translate_off and synthesis_off directives                               ; Off                ; Off                ;
; Timing-Driven Synthesis                                                         ; On                 ; On                 ;
; Report Parameter Settings                                                       ; On                 ; On                 ;
; Report Source Assignments                                                       ; On                 ; On                 ;
; Report Connectivity Checks                                                      ; On                 ; On                 ;
; Ignore Maximum Fan-Out Assignments                                              ; Off                ; Off                ;
; Synchronization Register Chain Length                                           ; 3                  ; 3                  ;
; PowerPlay Power Optimization                                                    ; Normal compilation ; Normal compilation ;
; HDL message level                                                               ; Level2             ; Level2             ;
; Suppress Register Optimization Related Messages                                 ; Off                ; Off                ;
; Number of Removed Registers Reported in Synthesis Report                        ; 5000               ; 5000               ;
; Number of Swept Nodes Reported in Synthesis Report                              ; 5000               ; 5000               ;
; Number of Inverted Registers Reported in Synthesis Report                       ; 100                ; 100                ;
; Clock MUX Protection                                                            ; On                 ; On                 ;
; Auto Gated Clock Conversion                                                     ; Off                ; Off                ;
; Block Design Naming                                                             ; Auto               ; Auto               ;
; SDC constraint protection                                                       ; Off                ; Off                ;
; Synthesis Effort                                                                ; Auto               ; Auto               ;
; Shift Register Replacement - Allow Asynchronous Clear Signal                    ; On                 ; On                 ;
; Pre-Mapping Resynthesis Optimization                                            ; Off                ; Off                ;
; Analysis & Synthesis Message Level                                              ; Medium             ; Medium             ;
; Disable Register Merging Across Hierarchies                                     ; Auto               ; Auto               ;
; Resource Aware Inference For Block RAM                                          ; On                 ; On                 ;
; Synthesis Seed                                                                  ; 1                  ; 1                  ;
+---------------------------------------------------------------------------------+--------------------+--------------------+


Parallel compilation was disabled, but you have multiple processors available. Enable parallel compilation to reduce compilation time.
+-------------------------------------+
; Parallel Compilation                ;
+----------------------------+--------+
; Processors                 ; Number ;
+----------------------------+--------+
; Number detected on machine ; 4      ;
; Maximum allowed            ; 1      ;
+----------------------------+--------+


+-------------------------------------------------------------------------------------------------------------------------------------------------------------------------------------------------------+
; Analysis & Synthesis Source Files Read                                                                                                                                                                ;
+----------------------------------+-----------------+-----------------+----------------------------------------------------------------------------------------------------------------------+---------+
; File Name with User-Entered Path ; Used in Netlist ; File Type       ; File Name with Absolute Path                                                                                         ; Library ;
+----------------------------------+-----------------+-----------------+----------------------------------------------------------------------------------------------------------------------+---------+
; op_module_IDCT_4_otimizada_2.vhd ; yes             ; User VHDL File  ; C:/Users/Ruhan/Dropbox/Pesquisa Cientifica/Pesquisa com Ândrio/IDCT Skip/IDCTnormal/op_module_IDCT_4_otimizada_2.vhd ;         ;
; op_module_IDCT_4_otimizada.vhd   ; yes             ; User VHDL File  ; C:/Users/Ruhan/Dropbox/Pesquisa Cientifica/Pesquisa com Ândrio/IDCT Skip/IDCTnormal/op_module_IDCT_4_otimizada.vhd   ;         ;
; IDCT_4x4_Otimizada.vhd           ; yes             ; User VHDL File  ; C:/Users/Ruhan/Dropbox/Pesquisa Cientifica/Pesquisa com Ândrio/IDCT Skip/IDCTnormal/IDCT_4x4_Otimizada.vhd           ;         ;
; dct4_2.vhd                       ; yes             ; User VHDL File  ; C:/Users/Ruhan/Dropbox/Pesquisa Cientifica/Pesquisa com Ândrio/IDCT Skip/IDCTnormal/dct4_2.vhd                       ;         ;
; dct4.vhd                         ; yes             ; User VHDL File  ; C:/Users/Ruhan/Dropbox/Pesquisa Cientifica/Pesquisa com Ândrio/IDCT Skip/IDCTnormal/dct4.vhd                         ;         ;
; BarreiraReg2.vhd                 ; yes             ; User VHDL File  ; C:/Users/Ruhan/Dropbox/Pesquisa Cientifica/Pesquisa com Ândrio/IDCT Skip/IDCTnormal/BarreiraReg2.vhd                 ;         ;
; BarreiraReg.vhd                  ; yes             ; User VHDL File  ; C:/Users/Ruhan/Dropbox/Pesquisa Cientifica/Pesquisa com Ândrio/IDCT Skip/IDCTnormal/BarreiraReg.vhd                  ;         ;
; BancoRegistradores4x4.vhd        ; yes             ; User VHDL File  ; C:/Users/Ruhan/Dropbox/Pesquisa Cientifica/Pesquisa com Ândrio/IDCT Skip/IDCTnormal/BancoRegistradores4x4.vhd        ;         ;
+----------------------------------+-----------------+-----------------+----------------------------------------------------------------------------------------------------------------------+---------+


+-----------------------------------------------------+
; Analysis & Synthesis Resource Usage Summary         ;
+---------------------------------------------+-------+
; Resource                                    ; Usage ;
+---------------------------------------------+-------+
; Estimate of Logic utilization (ALMs needed) ; 423   ;
;                                             ;       ;
; Combinational ALUT usage for logic          ; 644   ;
;     -- 7 input functions                    ; 0     ;
;     -- 6 input functions                    ; 0     ;
;     -- 5 input functions                    ; 18    ;
;     -- 4 input functions                    ; 98    ;
;     -- <=3 input functions                  ; 528   ;
;                                             ;       ;
; Dedicated logic registers                   ; 347   ;
;                                             ;       ;
; I/O pins                                    ; 101   ;
; Total DSP Blocks                            ; 0     ;
; Maximum fan-out                             ; 360   ;
; Total fan-out                               ; 3566  ;
; Average fan-out                             ; 2.99  ;
+---------------------------------------------+-------+


+-----------------------------------------------------------------------------------------------------------------------------------------------------------------------------------------------------------------------+
; Analysis & Synthesis Resource Utilization by Entity                                                                                                                                                                   ;
+-----------------------------------------+-------------------+--------------+-------------------+------------+------+--------------+--------------------------------------------------------------------+--------------+
; Compilation Hierarchy Node              ; LC Combinationals ; LC Registers ; Block Memory Bits ; DSP Blocks ; Pins ; Virtual Pins ; Full Hierarchy Name                                                ; Library Name ;
+-----------------------------------------+-------------------+--------------+-------------------+------------+------+--------------+--------------------------------------------------------------------+--------------+
; |IDCT_4x4_Otimizada                     ; 644 (0)           ; 347 (0)      ; 0                 ; 0          ; 101  ; 0            ; |IDCT_4x4_Otimizada                                                ;              ;
;    |BancoRegistradores4x4:t_banco|      ; 29 (29)           ; 247 (247)    ; 0                 ; 0          ; 0    ; 0            ; |IDCT_4x4_Otimizada|BancoRegistradores4x4:t_banco                  ;              ;
;    |BarreiraReg2:barreira_reg_saida|    ; 0 (0)             ; 36 (36)      ; 0                 ; 0          ; 0    ; 0            ; |IDCT_4x4_Otimizada|BarreiraReg2:barreira_reg_saida                ;              ;
;    |BarreiraReg:barreira_reg_entrada|   ; 0 (0)             ; 64 (64)      ; 0                 ; 0          ; 0    ; 0            ; |IDCT_4x4_Otimizada|BarreiraReg:barreira_reg_entrada               ;              ;
;    |op_module_IDCT_4_otimizada:idct1|   ; 313 (170)         ; 0 (0)        ; 0                 ; 0          ; 0    ; 0            ; |IDCT_4x4_Otimizada|op_module_IDCT_4_otimizada:idct1               ;              ;
;       |dct4:EEEO|                       ; 143 (143)         ; 0 (0)        ; 0                 ; 0          ; 0    ; 0            ; |IDCT_4x4_Otimizada|op_module_IDCT_4_otimizada:idct1|dct4:EEEO     ;              ;
;    |op_module_IDCT_4_otimizada_2:idct2| ; 302 (151)         ; 0 (0)        ; 0                 ; 0          ; 0    ; 0            ; |IDCT_4x4_Otimizada|op_module_IDCT_4_otimizada_2:idct2             ;              ;
;       |dct4_2:EEEO|                     ; 151 (151)         ; 0 (0)        ; 0                 ; 0          ; 0    ; 0            ; |IDCT_4x4_Otimizada|op_module_IDCT_4_otimizada_2:idct2|dct4_2:EEEO ;              ;
+-----------------------------------------+-------------------+--------------+-------------------+------------+------+--------------+--------------------------------------------------------------------+--------------+
Note: For table entries with two numbers listed, the numbers in parentheses indicate the number of resources of the given type used by the specific entity alone. The numbers listed outside of parentheses indicate the total resources of the given type used by the specific entity and all of its sub-entities in the hierarchy.


+------------------------------------------------------+
; General Register Statistics                          ;
+----------------------------------------------+-------+
; Statistic                                    ; Value ;
+----------------------------------------------+-------+
; Total registers                              ; 347   ;
; Number of registers using Synchronous Clear  ; 0     ;
; Number of registers using Synchronous Load   ; 225   ;
; Number of registers using Asynchronous Clear ; 0     ;
; Number of registers using Asynchronous Load  ; 0     ;
; Number of registers using Clock Enable       ; 245   ;
; Number of registers using Preset             ; 0     ;
+----------------------------------------------+-------+


+--------------------------------------------------+
; Inverted Register Statistics                     ;
+----------------------------------------+---------+
; Inverted Register                      ; Fan out ;
+----------------------------------------+---------+
; BancoRegistradores4x4:t_banco|inicio   ; 246     ;
; BancoRegistradores4x4:t_banco|cont[4]  ; 2       ;
; BancoRegistradores4x4:t_banco|cont[3]  ; 2       ;
; BancoRegistradores4x4:t_banco|cont[2]  ; 2       ;
; BancoRegistradores4x4:t_banco|cont[0]  ; 2       ;
; BancoRegistradores4x4:t_banco|cont[1]  ; 2       ;
; Total number of inverted registers = 6 ;         ;
+----------------------------------------+---------+


+----------------------------------------------------------------------------------------------------------------------------------------------------------------------------+
; Port Connectivity Checks: "BarreiraReg:barreira_reg_entrada"                                                                                                               ;
+---------+--------+----------+----------------------------------------------------------------------------------------------------------------------------------------------+
; Port    ; Type   ; Severity ; Details                                                                                                                                      ;
+---------+--------+----------+----------------------------------------------------------------------------------------------------------------------------------------------+
; in_tam  ; Input  ; Warning  ; Declared by entity but not connected by instance. If a default value exists, it will be used.  Otherwise, the port will be connected to GND. ;
; out_tam ; Output ; Warning  ; Declared by entity but not connected by instance. Logic that only feeds a dangling port will be removed.                                     ;
+---------+--------+----------+----------------------------------------------------------------------------------------------------------------------------------------------+


+-------------------------------+
; Elapsed Time Per Partition    ;
+----------------+--------------+
; Partition Name ; Elapsed Time ;
+----------------+--------------+
; Top            ; 00:00:02     ;
+----------------+--------------+


+-------------------------------+
; Analysis & Synthesis Messages ;
+-------------------------------+
Info: *******************************************************************
Info: Running Quartus II 64-Bit Analysis & Synthesis
    Info: Version 12.1 Build 177 11/07/2012 SJ Web Edition
    Info: Processing started: Tue Oct 28 01:03:46 2014
Info: Command: quartus_map --read_settings_files=on --write_settings_files=off IDCTNORMAL -c IDCTNORMAL
Warning (20028): Parallel compilation is not licensed and has been disabled
Info (12021): Found 2 design units, including 1 entities, in source file op_module_idct_4_otimizada_2.vhd
    Info (12022): Found design unit 1: op_module_IDCT_4_otimizada_2-arc_op_module_IDCT_4_otimizada_2
    Info (12023): Found entity 1: op_module_IDCT_4_otimizada_2
Info (12021): Found 2 design units, including 1 entities, in source file op_module_idct_4_otimizada.vhd
    Info (12022): Found design unit 1: op_module_IDCT_4_otimizada-arc_op_module_IDCT_4_otimizada
    Info (12023): Found entity 1: op_module_IDCT_4_otimizada
Info (12021): Found 2 design units, including 1 entities, in source file idct_4x4_otimizada.vhd
    Info (12022): Found design unit 1: IDCT_4x4_Otimizada-arc_IDCT_4x4_Otimizada
    Info (12023): Found entity 1: IDCT_4x4_Otimizada
Info (12021): Found 2 design units, including 1 entities, in source file dct4_2.vhd
    Info (12022): Found design unit 1: dct4_2-arc_dct4_2
    Info (12023): Found entity 1: dct4_2
Info (12021): Found 2 design units, including 1 entities, in source file dct4.vhd
    Info (12022): Found design unit 1: dct4-arc_dct4
    Info (12023): Found entity 1: dct4
Info (12021): Found 2 design units, including 1 entities, in source file barreirareg2.vhd
    Info (12022): Found design unit 1: BarreiraReg2-arc_BarreiraReg2
    Info (12023): Found entity 1: BarreiraReg2
Info (12021): Found 2 design units, including 1 entities, in source file barreirareg.vhd
    Info (12022): Found design unit 1: BarreiraReg-arc_BarreiraReg
    Info (12023): Found entity 1: BarreiraReg
Info (12021): Found 2 design units, including 1 entities, in source file bancoregistradores4x4.vhd
    Info (12022): Found design unit 1: BancoRegistradores4x4-arc_BancoRegistradores4x4
    Info (12023): Found entity 1: BancoRegistradores4x4
Info (12127): Elaborating entity "IDCT_4x4_Otimizada" for the top level hierarchy
Info (12128): Elaborating entity "BarreiraReg" for hierarchy "BarreiraReg:barreira_reg_entrada"
Info (12128): Elaborating entity "op_module_IDCT_4_otimizada" for hierarchy "op_module_IDCT_4_otimizada:idct1"
Info (12128): Elaborating entity "dct4" for hierarchy "op_module_IDCT_4_otimizada:idct1|dct4:EEEO"
Info (12128): Elaborating entity "BancoRegistradores4x4" for hierarchy "BancoRegistradores4x4:t_banco"
Info (12128): Elaborating entity "op_module_IDCT_4_otimizada_2" for hierarchy "op_module_IDCT_4_otimizada_2:idct2"
Info (12128): Elaborating entity "dct4_2" for hierarchy "op_module_IDCT_4_otimizada_2:idct2|dct4_2:EEEO"
Info (12128): Elaborating entity "BarreiraReg2" for hierarchy "BarreiraReg2:barreira_reg_saida"
Warning (14284): Synthesized away the following node(s):
    Warning (14285): Synthesized away the following LCELL buffer node(s):
        Warning (14320): Synthesized away node "No instance name"
        Warning (14320): Synthesized away node "No instance name"
        Warning (14320): Synthesized away node "No instance name"
        Warning (14320): Synthesized away node "No instance name"
        Warning (14320): Synthesized away node "No instance name"
        Warning (14320): Synthesized away node "No instance name"
        Warning (14320): Synthesized away node "No instance name"
        Warning (14320): Synthesized away node "No instance name"
        Warning (14320): Synthesized away node "No instance name"
        Warning (14320): Synthesized away node "No instance name"
Warning (12241): 1 hierarchies have connectivity warnings - see the Connectivity Checks report folder
Info (286030): Timing-Driven Synthesis is running
Info (16010): Generating hard_block partition "hard_block:auto_generated_inst"
    Info (16011): Adding 0 node(s), including 0 DDIO, 0 PLL, 0 transceiver and 0 LCELL
Info (21057): Implemented 1035 device resources after synthesis - the final resource count might be different
    Info (21058): Implemented 65 input pins
    Info (21059): Implemented 36 output pins
    Info (21061): Implemented 934 logic cells
Info: Quartus II 64-Bit Analysis & Synthesis was successful. 0 errors, 14 warnings
    Info: Peak virtual memory: 556 megabytes
    Info: Processing ended: Tue Oct 28 01:03:52 2014
    Info: Elapsed time: 00:00:06
    Info: Total CPU time (on all processors): 00:00:04


