Analysis & Synthesis report for ALFMultiMulti
Mon Nov 10 21:43:09 2014
Quartus II 32-bit Version 12.1 Build 177 11/07/2012 SJ Web Edition


---------------------
; Table of Contents ;
---------------------
  1. Legal Notice
  2. Analysis & Synthesis Summary
  3. Analysis & Synthesis Settings
  4. Parallel Compilation
  5. Analysis & Synthesis Source Files Read
  6. Analysis & Synthesis Resource Usage Summary
  7. Analysis & Synthesis Resource Utilization by Entity
  8. Analysis & Synthesis DSP Block Usage Summary
  9. Registers Removed During Synthesis
 10. General Register Statistics
 11. Multiplexer Restructuring Statistics (Restructuring Performed)
 12. Parameter Settings for User Entity Instance: clipping:clip
 13. Elapsed Time Per Partition
 14. Analysis & Synthesis Messages



----------------
; Legal Notice ;
----------------
Copyright (C) 1991-2012 Altera Corporation
Your use of Altera Corporation's design tools, logic functions 
and other software and tools, and its AMPP partner logic 
functions, and any output files from any of the foregoing 
(including device programming or simulation files), and any 
associated documentation or information are expressly subject 
to the terms and conditions of the Altera Program License 
Subscription Agreement, Altera MegaCore Function License 
Agreement, or other applicable license agreement, including, 
without limitation, that your use is for the sole purpose of 
programming logic devices manufactured by Altera and sold by 
Altera or its authorized distributors.  Please refer to the 
applicable agreement for further details.



+----------------------------------------------------------------------------+
; Analysis & Synthesis Summary                                               ;
+---------------------------------+------------------------------------------+
; Analysis & Synthesis Status     ; Successful - Mon Nov 10 21:43:09 2014    ;
; Quartus II 32-bit Version       ; 12.1 Build 177 11/07/2012 SJ Web Edition ;
; Revision Name                   ; ALFMultiMulti                            ;
; Top-level Entity Name           ; alfmultimulti                            ;
; Family                          ; Cyclone V                                ;
; Logic utilization (in ALMs)     ; N/A                                      ;
; Total registers                 ; 379                                      ;
; Total pins                      ; 525                                      ;
; Total virtual pins              ; 0                                        ;
; Total block memory bits         ; 0                                        ;
; Total DSP Blocks                ; 20                                       ;
; Total HSSI RX PCSs              ; 0                                        ;
; Total HSSI PMA RX Deserializers ; 0                                        ;
; Total HSSI TX PCSs              ; 0                                        ;
; Total HSSI PMA TX Serializers   ; 0                                        ;
; Total PLLs                      ; 0                                        ;
; Total DLLs                      ; 0                                        ;
+---------------------------------+------------------------------------------+


+---------------------------------------------------------------------------------------------------------------------------+
; Analysis & Synthesis Settings                                                                                             ;
+---------------------------------------------------------------------------------+--------------------+--------------------+
; Option                                                                          ; Setting            ; Default Value      ;
+---------------------------------------------------------------------------------+--------------------+--------------------+
; Device                                                                          ; 5CGTFD5C5F23C7     ;                    ;
; Top-level entity name                                                           ; ALFMultiMulti      ; ALFMultiMulti      ;
; Family name                                                                     ; Cyclone V          ; Cyclone IV GX      ;
; Use smart compilation                                                           ; Off                ; Off                ;
; Enable parallel Assembler and TimeQuest Timing Analyzer during compilation      ; On                 ; On                 ;
; Enable compact report table                                                     ; Off                ; Off                ;
; Restructure Multiplexers                                                        ; Auto               ; Auto               ;
; MLAB Add Timing Constraints For Mixed-Port Feed-Through Mode Setting Don't Care ; Off                ; Off                ;
; Create Debugging Nodes for IP Cores                                             ; Off                ; Off                ;
; Preserve fewer node names                                                       ; On                 ; On                 ;
; Disable OpenCore Plus hardware evaluation                                       ; Off                ; Off                ;
; Verilog Version                                                                 ; Verilog_2001       ; Verilog_2001       ;
; VHDL Version                                                                    ; VHDL_1993          ; VHDL_1993          ;
; State Machine Processing                                                        ; Auto               ; Auto               ;
; Safe State Machine                                                              ; Off                ; Off                ;
; Extract Verilog State Machines                                                  ; On                 ; On                 ;
; Extract VHDL State Machines                                                     ; On                 ; On                 ;
; Ignore Verilog initial constructs                                               ; Off                ; Off                ;
; Iteration limit for constant Verilog loops                                      ; 5000               ; 5000               ;
; Iteration limit for non-constant Verilog loops                                  ; 250                ; 250                ;
; Add Pass-Through Logic to Inferred RAMs                                         ; On                 ; On                 ;
; Infer RAMs from Raw Logic                                                       ; On                 ; On                 ;
; Parallel Synthesis                                                              ; On                 ; On                 ;
; DSP Block Balancing                                                             ; Auto               ; Auto               ;
; NOT Gate Push-Back                                                              ; On                 ; On                 ;
; Power-Up Don't Care                                                             ; On                 ; On                 ;
; Remove Redundant Logic Cells                                                    ; Off                ; Off                ;
; Remove Duplicate Registers                                                      ; On                 ; On                 ;
; Ignore CARRY Buffers                                                            ; Off                ; Off                ;
; Ignore CASCADE Buffers                                                          ; Off                ; Off                ;
; Ignore GLOBAL Buffers                                                           ; Off                ; Off                ;
; Ignore ROW GLOBAL Buffers                                                       ; Off                ; Off                ;
; Ignore LCELL Buffers                                                            ; Off                ; Off                ;
; Ignore SOFT Buffers                                                             ; On                 ; On                 ;
; Limit AHDL Integers to 32 Bits                                                  ; Off                ; Off                ;
; Optimization Technique                                                          ; Balanced           ; Balanced           ;
; Carry Chain Length                                                              ; 70                 ; 70                 ;
; Auto Carry Chains                                                               ; On                 ; On                 ;
; Auto Open-Drain Pins                                                            ; On                 ; On                 ;
; Perform WYSIWYG Primitive Resynthesis                                           ; Off                ; Off                ;
; Auto ROM Replacement                                                            ; On                 ; On                 ;
; Auto RAM Replacement                                                            ; On                 ; On                 ;
; Auto DSP Block Replacement                                                      ; On                 ; On                 ;
; Auto Shift Register Replacement                                                 ; Auto               ; Auto               ;
; Allow Shift Register Merging across Hierarchies                                 ; Auto               ; Auto               ;
; Auto Clock Enable Replacement                                                   ; On                 ; On                 ;
; Strict RAM Replacement                                                          ; Off                ; Off                ;
; Allow Synchronous Control Signals                                               ; On                 ; On                 ;
; Force Use of Synchronous Clear Signals                                          ; Off                ; Off                ;
; Auto Resource Sharing                                                           ; Off                ; Off                ;
; Allow Any RAM Size For Recognition                                              ; Off                ; Off                ;
; Allow Any ROM Size For Recognition                                              ; Off                ; Off                ;
; Allow Any Shift Register Size For Recognition                                   ; Off                ; Off                ;
; Use LogicLock Constraints during Resource Balancing                             ; On                 ; On                 ;
; Ignore translate_off and synthesis_off directives                               ; Off                ; Off                ;
; Timing-Driven Synthesis                                                         ; On                 ; On                 ;
; Report Parameter Settings                                                       ; On                 ; On                 ;
; Report Source Assignments                                                       ; On                 ; On                 ;
; Report Connectivity Checks                                                      ; On                 ; On                 ;
; Ignore Maximum Fan-Out Assignments                                              ; Off                ; Off                ;
; Synchronization Register Chain Length                                           ; 3                  ; 3                  ;
; PowerPlay Power Optimization                                                    ; Normal compilation ; Normal compilation ;
; HDL message level                                                               ; Level2             ; Level2             ;
; Suppress Register Optimization Related Messages                                 ; Off                ; Off                ;
; Number of Removed Registers Reported in Synthesis Report                        ; 5000               ; 5000               ;
; Number of Swept Nodes Reported in Synthesis Report                              ; 5000               ; 5000               ;
; Number of Inverted Registers Reported in Synthesis Report                       ; 100                ; 100                ;
; Clock MUX Protection                                                            ; On                 ; On                 ;
; Auto Gated Clock Conversion                                                     ; Off                ; Off                ;
; Block Design Naming                                                             ; Auto               ; Auto               ;
; SDC constraint protection                                                       ; Off                ; Off                ;
; Synthesis Effort                                                                ; Auto               ; Auto               ;
; Shift Register Replacement - Allow Asynchronous Clear Signal                    ; On                 ; On                 ;
; Pre-Mapping Resynthesis Optimization                                            ; Off                ; Off                ;
; Analysis & Synthesis Message Level                                              ; Medium             ; Medium             ;
; Disable Register Merging Across Hierarchies                                     ; Auto               ; Auto               ;
; Resource Aware Inference For Block RAM                                          ; On                 ; On                 ;
; Synthesis Seed                                                                  ; 1                  ; 1                  ;
+---------------------------------------------------------------------------------+--------------------+--------------------+


Parallel compilation was disabled, but you have multiple processors available. Enable parallel compilation to reduce compilation time.
+-------------------------------------+
; Parallel Compilation                ;
+----------------------------+--------+
; Processors                 ; Number ;
+----------------------------+--------+
; Number detected on machine ; 4      ;
; Maximum allowed            ; 1      ;
+----------------------------+--------+


+-----------------------------------------------------------------------------------------------------------------------------------------+
; Analysis & Synthesis Source Files Read                                                                                                  ;
+----------------------------------+-----------------+-----------------+--------------------------------------------------------+---------+
; File Name with User-Entered Path ; Used in Netlist ; File Type       ; File Name with Absolute Path                           ; Library ;
+----------------------------------+-----------------+-----------------+--------------------------------------------------------+---------+
; clipping.vhd                     ; yes             ; User VHDL File  ; C:/Users/Ruhan/Desktop/ALFMultiMulti/clipping.vhd      ;         ;
; alf_core.vhd                     ; yes             ; User VHDL File  ; C:/Users/Ruhan/Desktop/ALFMultiMulti/alf_core.vhd      ;         ;
; alf_4.vhd                        ; yes             ; User VHDL File  ; C:/Users/Ruhan/Desktop/ALFMultiMulti/alf_4.vhd         ;         ;
; alf_8.vhd                        ; yes             ; User VHDL File  ; C:/Users/Ruhan/Desktop/ALFMultiMulti/alf_8.vhd         ;         ;
; alf_2.vhd                        ; yes             ; User VHDL File  ; C:/Users/Ruhan/Desktop/ALFMultiMulti/alf_2.vhd         ;         ;
; ALFMultiMulti.vhd                ; yes             ; User VHDL File  ; C:/Users/Ruhan/Desktop/ALFMultiMulti/ALFMultiMulti.vhd ;         ;
+----------------------------------+-----------------+-----------------+--------------------------------------------------------+---------+


+-----------------------------------------------------+
; Analysis & Synthesis Resource Usage Summary         ;
+---------------------------------------------+-------+
; Resource                                    ; Usage ;
+---------------------------------------------+-------+
; Estimate of Logic utilization (ALMs needed) ; 334   ;
;                                             ;       ;
; Combinational ALUT usage for logic          ; 534   ;
;     -- 7 input functions                    ; 0     ;
;     -- 6 input functions                    ; 9     ;
;     -- 5 input functions                    ; 21    ;
;     -- 4 input functions                    ; 22    ;
;     -- <=3 input functions                  ; 482   ;
;                                             ;       ;
; Dedicated logic registers                   ; 379   ;
;                                             ;       ;
; I/O pins                                    ; 525   ;
; Total DSP Blocks                            ; 20    ;
; Maximum fan-out                             ; 379   ;
; Total fan-out                               ; 3398  ;
; Average fan-out                             ; 1.71  ;
+---------------------------------------------+-------+


+--------------------------------------------------------------------------------------------------------------------------------------------------------------------+
; Analysis & Synthesis Resource Utilization by Entity                                                                                                                ;
+----------------------------+-------------------+--------------+-------------------+------------+------+--------------+------------------------------+--------------+
; Compilation Hierarchy Node ; LC Combinationals ; LC Registers ; Block Memory Bits ; DSP Blocks ; Pins ; Virtual Pins ; Full Hierarchy Name          ; Library Name ;
+----------------------------+-------------------+--------------+-------------------+------------+------+--------------+------------------------------+--------------+
; |alfmultimulti             ; 534 (86)          ; 379 (0)      ; 0                 ; 20         ; 525  ; 0            ; |alfmultimulti               ;              ;
;    |alf_2:D9A|             ; 9 (9)             ; 19 (19)      ; 0                 ; 1          ; 0    ; 0            ; |alfmultimulti|alf_2:D9A     ;              ;
;    |alf_4:D5|              ; 38 (38)           ; 38 (38)      ; 0                 ; 2          ; 0    ; 0            ; |alfmultimulti|alf_4:D5      ;              ;
;    |alf_4:D7A|             ; 38 (38)           ; 38 (38)      ; 0                 ; 2          ; 0    ; 0            ; |alfmultimulti|alf_4:D7A     ;              ;
;    |alf_4:Q|               ; 38 (38)           ; 38 (38)      ; 0                 ; 2          ; 0    ; 0            ; |alfmultimulti|alf_4:Q       ;              ;
;    |alf_8:D7B|             ; 97 (97)           ; 76 (76)      ; 0                 ; 4          ; 0    ; 0            ; |alfmultimulti|alf_8:D7B     ;              ;
;    |alf_8:D9B|             ; 97 (97)           ; 76 (76)      ; 0                 ; 4          ; 0    ; 0            ; |alfmultimulti|alf_8:D9B     ;              ;
;    |alf_core:core|         ; 120 (120)         ; 94 (94)      ; 0                 ; 5          ; 0    ; 0            ; |alfmultimulti|alf_core:core ;              ;
;    |clipping:clip|         ; 11 (11)           ; 0 (0)        ; 0                 ; 0          ; 0    ; 0            ; |alfmultimulti|clipping:clip ;              ;
+----------------------------+-------------------+--------------+-------------------+------------+------+--------------+------------------------------+--------------+
Note: For table entries with two numbers listed, the numbers in parentheses indicate the number of resources of the given type used by the specific entity alone. The numbers listed outside of parentheses indicate the total resources of the given type used by the specific entity and all of its sub-entities in the hierarchy.


+-------------------------------------------------------------------------------+
; Analysis & Synthesis DSP Block Usage Summary                                  ;
+-----------------------+-------------+---------------------+-------------------+
; Statistic             ; Number Used ; Available per Block ; Maximum Available ;
+-----------------------+-------------+---------------------+-------------------+
; Independent 18x18     ; 20          ; 2.00                ; --                ;
; DSP Block             ; 20          ; --                  ; --                ;
; DSP 18-bit Element    ; 20          ; 2.00                ; --                ;
; Signed Multiplier     ; 19          ; --                  ; --                ;
; Mixed Sign Multiplier ; 1           ; --                  ; --                ;
+-----------------------+-------------+---------------------+-------------------+


+----------------------------------------------------------------------------+
; Registers Removed During Synthesis                                         ;
+---------------------------------------+------------------------------------+
; Register name                         ; Reason for Removal                 ;
+---------------------------------------+------------------------------------+
; alf_core:core|reg5[18]                ; Merged with alf_core:core|reg5[17] ;
; Total Number of Removed Registers = 1 ;                                    ;
+---------------------------------------+------------------------------------+


+------------------------------------------------------+
; General Register Statistics                          ;
+----------------------------------------------+-------+
; Statistic                                    ; Value ;
+----------------------------------------------+-------+
; Total registers                              ; 379   ;
; Number of registers using Synchronous Clear  ; 0     ;
; Number of registers using Synchronous Load   ; 0     ;
; Number of registers using Asynchronous Clear ; 0     ;
; Number of registers using Asynchronous Load  ; 0     ;
; Number of registers using Clock Enable       ; 0     ;
; Number of registers using Preset             ; 0     ;
+----------------------------------------------+-------+


+-----------------------------------------------------------------------------------------------------------------------------------------------------+
; Multiplexer Restructuring Statistics (Restructuring Performed)                                                                                      ;
+--------------------+-----------+---------------+----------------------+------------------------+------------+---------------------------------------+
; Multiplexer Inputs ; Bus Width ; Baseline Area ; Area if Restructured ; Saving if Restructured ; Registered ; Example Multiplexer Output            ;
+--------------------+-----------+---------------+----------------------+------------------------+------------+---------------------------------------+
; 3:1                ; 8 bits    ; 16 LEs        ; 16 LEs               ; 0 LEs                  ; No         ; |alfmultimulti|clipping:clip|saida[2] ;
+--------------------+-----------+---------------+----------------------+------------------------+------------+---------------------------------------+


+------------------------------------------------------------+
; Parameter Settings for User Entity Instance: clipping:clip ;
+----------------+-------+-----------------------------------+
; Parameter Name ; Value ; Type                              ;
+----------------+-------+-----------------------------------+
; nin            ; 23    ; Signed Integer                    ;
; nout           ; 8     ; Signed Integer                    ;
; min            ; 0     ; Signed Integer                    ;
; max            ; 255   ; Signed Integer                    ;
+----------------+-------+-----------------------------------+
Note: In order to hide this table in the UI and the text report file, please set the "Show Parameter Settings in Synthesis Report" option in "Analysis and Synthesis Settings -> More Settings" to "Off".


+-------------------------------+
; Elapsed Time Per Partition    ;
+----------------+--------------+
; Partition Name ; Elapsed Time ;
+----------------+--------------+
; Top            ; 00:00:02     ;
+----------------+--------------+


+-------------------------------+
; Analysis & Synthesis Messages ;
+-------------------------------+
Info: *******************************************************************
Info: Running Quartus II 32-bit Analysis & Synthesis
    Info: Version 12.1 Build 177 11/07/2012 SJ Web Edition
    Info: Processing started: Mon Nov 10 21:43:04 2014
Info: Command: quartus_map --read_settings_files=on --write_settings_files=off ALFMultiMulti -c ALFMultiMulti
Warning (20028): Parallel compilation is not licensed and has been disabled
Info (12021): Found 2 design units, including 1 entities, in source file clipping.vhd
    Info (12022): Found design unit 1: clipping-behavioral
    Info (12023): Found entity 1: clipping
Info (12021): Found 2 design units, including 1 entities, in source file alf_core.vhd
    Info (12022): Found design unit 1: alf_core-behavioral
    Info (12023): Found entity 1: alf_core
Info (12021): Found 2 design units, including 1 entities, in source file alf_4.vhd
    Info (12022): Found design unit 1: alf_4-behavioral
    Info (12023): Found entity 1: alf_4
Info (12021): Found 2 design units, including 1 entities, in source file alf_8.vhd
    Info (12022): Found design unit 1: alf_8-behavioral
    Info (12023): Found entity 1: alf_8
Info (12021): Found 2 design units, including 1 entities, in source file alf_2.vhd
    Info (12022): Found design unit 1: alf_2-behavioral
    Info (12023): Found entity 1: alf_2
Info (12021): Found 2 design units, including 1 entities, in source file alfmultimulti.vhd
    Info (12022): Found design unit 1: alfmultimulti-estrutura
    Info (12023): Found entity 1: alfmultimulti
Info (12127): Elaborating entity "ALFMultiMulti" for the top level hierarchy
Info (12128): Elaborating entity "alf_core" for hierarchy "alf_core:core"
Info (12128): Elaborating entity "alf_4" for hierarchy "alf_4:D5"
Info (12128): Elaborating entity "alf_8" for hierarchy "alf_8:D7B"
Info (12128): Elaborating entity "alf_2" for hierarchy "alf_2:D9A"
Info (12128): Elaborating entity "clipping" for hierarchy "clipping:clip"
Warning (14284): Synthesized away the following node(s):
    Warning (14285): Synthesized away the following LCELL buffer node(s):
        Warning (14320): Synthesized away node "No instance name"
        Warning (14320): Synthesized away node "No instance name"
        Warning (14320): Synthesized away node "No instance name"
        Warning (14320): Synthesized away node "No instance name"
        Warning (14320): Synthesized away node "No instance name"
Info (286030): Timing-Driven Synthesis is running
Info (16010): Generating hard_block partition "hard_block:auto_generated_inst"
    Info (16011): Adding 0 node(s), including 0 DDIO, 0 PLL, 0 transceiver and 0 LCELL
Warning (21074): Design contains 9 input pin(s) that do not drive logic
    Warning (15610): No output dependent on input pin "a25[0]"
    Warning (15610): No output dependent on input pin "a25[1]"
    Warning (15610): No output dependent on input pin "a25[2]"
    Warning (15610): No output dependent on input pin "a25[3]"
    Warning (15610): No output dependent on input pin "a25[4]"
    Warning (15610): No output dependent on input pin "a25[5]"
    Warning (15610): No output dependent on input pin "a25[6]"
    Warning (15610): No output dependent on input pin "a25[7]"
    Warning (15610): No output dependent on input pin "reset"
Info (21057): Implemented 1458 device resources after synthesis - the final resource count might be different
    Info (21058): Implemented 517 input pins
    Info (21059): Implemented 8 output pins
    Info (21061): Implemented 913 logic cells
    Info (21062): Implemented 20 DSP elements
Info: Quartus II 32-bit Analysis & Synthesis was successful. 0 errors, 18 warnings
    Info: Peak virtual memory: 411 megabytes
    Info: Processing ended: Mon Nov 10 21:43:09 2014
    Info: Elapsed time: 00:00:05
    Info: Total CPU time (on all processors): 00:00:05


