Flow report for ALFMultiMulti
Mon Nov 10 21:43:15 2014
Quartus II 32-bit Version 12.1 Build 177 11/07/2012 SJ Web Edition


---------------------
; Table of Contents ;
---------------------
  1. Legal Notice
  2. Flow Summary
  3. Flow Settings
  4. Flow Non-Default Global Settings
  5. Flow Elapsed Time
  6. Flow OS Summary
  7. Flow Log



----------------
; Legal Notice ;
----------------
Copyright (C) 1991-2012 Altera Corporation
Your use of Altera Corporation's design tools, logic functions 
and other software and tools, and its AMPP partner logic 
functions, and any output files from any of the foregoing 
(including device programming or simulation files), and any 
associated documentation or information are expressly subject 
to the terms and conditions of the Altera Program License 
Subscription Agreement, Altera MegaCore Function License 
Agreement, or other applicable license agreement, including, 
without limitation, that your use is for the sole purpose of 
programming logic devices manufactured by Altera and sold by 
Altera or its authorized distributors.  Please refer to the 
applicable agreement for further details.



+----------------------------------------------------------------------------+
; Flow Summary                                                               ;
+---------------------------------+------------------------------------------+
; Flow Status                     ; Flow Failed - Mon Nov 10 21:43:15 2014   ;
; Quartus II 32-bit Version       ; 12.1 Build 177 11/07/2012 SJ Web Edition ;
; Revision Name                   ; ALFMultiMulti                            ;
; Top-level Entity Name           ; alfmultimulti                            ;
; Family                          ; Cyclone V                                ;
; Device                          ; 5CGTFD5C5F23C7                           ;
; Timing Models                   ; Preliminary                              ;
; Logic utilization (in ALMs)     ; 457 / 29,080 ( 2 % )                     ;
; Total registers                 ; 379                                      ;
; Total pins                      ; 525 / 268 ( 196 % )                      ;
; Total virtual pins              ; 0                                        ;
; Total block memory bits         ; 0 / 4,567,040 ( 0 % )                    ;
; Total DSP Blocks                ; 20 / 150 ( 13 % )                        ;
; Total HSSI RX PCSs              ; 0 / 6 ( 0 % )                            ;
; Total HSSI PMA RX Deserializers ; 0 / 6 ( 0 % )                            ;
; Total HSSI TX PCSs              ; 0 / 6 ( 0 % )                            ;
; Total HSSI PMA TX Serializers   ; 0 / 6 ( 0 % )                            ;
; Total PLLs                      ; 0 / 12 ( 0 % )                           ;
; Total DLLs                      ; 0 / 4 ( 0 % )                            ;
+---------------------------------+------------------------------------------+


+-----------------------------------------+
; Flow Settings                           ;
+-------------------+---------------------+
; Option            ; Setting             ;
+-------------------+---------------------+
; Start date & time ; 11/10/2014 21:43:05 ;
; Main task         ; Compilation         ;
; Revision Name     ; ALFMultiMulti       ;
+-------------------+---------------------+


+----------------------------------------------------------------------------------------------------------------------+
; Flow Non-Default Global Settings                                                                                     ;
+-------------------------------------+---------------------------------+---------------+-------------+----------------+
; Assignment Name                     ; Value                           ; Default Value ; Entity Name ; Section Id     ;
+-------------------------------------+---------------------------------+---------------+-------------+----------------+
; COMPILER_SIGNATURE_ID               ; 181122445363770.141566298400036 ; --            ; --          ; --             ;
; EDA_OUTPUT_DATA_FORMAT              ; Vhdl                            ; --            ; --          ; eda_simulation ;
; EDA_SIMULATION_TOOL                 ; ModelSim-Altera (VHDL)          ; <None>        ; --          ; --             ;
; MAX_CORE_JUNCTION_TEMP              ; 85                              ; --            ; --          ; --             ;
; MIN_CORE_JUNCTION_TEMP              ; 0                               ; --            ; --          ; --             ;
; PARTITION_COLOR                     ; 16764057                        ; --            ; --          ; Top            ;
; PARTITION_FITTER_PRESERVATION_LEVEL ; PLACEMENT_AND_ROUTING           ; --            ; --          ; Top            ;
; PARTITION_NETLIST_TYPE              ; SOURCE                          ; --            ; --          ; Top            ;
; PROJECT_OUTPUT_DIRECTORY            ; output_files                    ; --            ; --          ; --             ;
+-------------------------------------+---------------------------------+---------------+-------------+----------------+


+--------------------------------------------------------------------------------------------------------------------------+
; Flow Elapsed Time                                                                                                        ;
+----------------------+--------------+-------------------------+---------------------+------------------------------------+
; Module Name          ; Elapsed Time ; Average Processors Used ; Peak Virtual Memory ; Total CPU Time (on all processors) ;
+----------------------+--------------+-------------------------+---------------------+------------------------------------+
; Analysis & Synthesis ; 00:00:04     ; 1.0                     ; 411 MB              ; 00:00:04                           ;
; Fitter               ; 00:00:05     ; 1.0                     ; 441 MB              ; 00:00:05                           ;
; Total                ; 00:00:09     ; --                      ; --                  ; 00:00:09                           ;
+----------------------+--------------+-------------------------+---------------------+------------------------------------+


+-----------------------------------------------------------------------------------+
; Flow OS Summary                                                                   ;
+----------------------+------------------+-----------+------------+----------------+
; Module Name          ; Machine Hostname ; OS Name   ; OS Version ; Processor type ;
+----------------------+------------------+-----------+------------+----------------+
; Analysis & Synthesis ; GACI-04          ; Windows 7 ; 6.2        ; x86_64         ;
; Fitter               ; GACI-04          ; Windows 7 ; 6.2        ; x86_64         ;
+----------------------+------------------+-----------+------------+----------------+


------------
; Flow Log ;
------------
quartus_map --read_settings_files=on --write_settings_files=off ALFMultiMulti -c ALFMultiMulti
quartus_fit --read_settings_files=off --write_settings_files=off ALFMultiMulti -c ALFMultiMulti



