Flow report for alf_5x5
Tue May 27 16:42:31 2014
Quartus II Version 9.1 Build 222 10/21/2009 SJ Full Version


---------------------
; Table of Contents ;
---------------------
  1. Legal Notice
  2. Flow Summary
  3. Flow Settings
  4. Flow Non-Default Global Settings
  5. Flow Elapsed Time
  6. Flow OS Summary
  7. Flow Log



----------------
; Legal Notice ;
----------------
Copyright (C) 1991-2009 Altera Corporation
Your use of Altera Corporation's design tools, logic functions 
and other software and tools, and its AMPP partner logic 
functions, and any output files from any of the foregoing 
(including device programming or simulation files), and any 
associated documentation or information are expressly subject 
to the terms and conditions of the Altera Program License 
Subscription Agreement, Altera MegaCore Function License 
Agreement, or other applicable license agreement, including, 
without limitation, that your use is for the sole purpose of 
programming logic devices manufactured by Altera and sold by 
Altera or its authorized distributors.  Please refer to the 
applicable agreement for further details.



+------------------------------------------------------------------------------+
; Flow Summary                                                                 ;
+-----------------------------------+------------------------------------------+
; Flow Status                       ; Successful - Tue May 27 16:42:31 2014    ;
; Quartus II Version                ; 9.1 Build 222 10/21/2009 SJ Full Version ;
; Revision Name                     ; alf_5x5                                  ;
; Top-level Entity Name             ; alf_5x5                                  ;
; Family                            ; Stratix IV                               ;
; Device                            ; EP4SE530F43C2ES                          ;
; Timing Models                     ; Preliminary                              ;
; Met timing requirements           ; N/A                                      ;
; Logic utilization                 ; < 1 %                                    ;
;     Combinational ALUTs           ; 107 / 424,960 ( < 1 % )                  ;
;     Memory ALUTs                  ; 0 / 212,480 ( 0 % )                      ;
;     Dedicated logic registers     ; 226 / 424,960 ( < 1 % )                  ;
; Total registers                   ; 226                                      ;
; Total pins                        ; 244 / 976 ( 25 % )                       ;
; Total virtual pins                ; 0                                        ;
; Total block memory bits           ; 0 / 21,233,664 ( 0 % )                   ;
; DSP block 18-bit elements         ; 10 / 1,024 ( < 1 % )                     ;
; Total GXB Receiver Channel PCS    ; 0                                        ;
; Total GXB Receiver Channel PMA    ; 0                                        ;
; Total GXB Transmitter Channel PCS ; 0                                        ;
; Total GXB Transmitter Channel PMA ; 0                                        ;
; Total PLLs                        ; 0 / 12 ( 0 % )                           ;
; Total DLLs                        ; 0 / 4 ( 0 % )                            ;
+-----------------------------------+------------------------------------------+


+-----------------------------------------+
; Flow Settings                           ;
+-------------------+---------------------+
; Option            ; Setting             ;
+-------------------+---------------------+
; Start date & time ; 05/27/2014 16:40:09 ;
; Main task         ; Compilation         ;
; Revision Name     ; alf_5x5             ;
+-------------------+---------------------+


+-------------------------------------------------------------------------------------------------------------------------------+
; Flow Non-Default Global Settings                                                                                              ;
+-------------------------------------+---------------------------------+---------------+-------------+-------------------------+
; Assignment Name                     ; Value                           ; Default Value ; Entity Name ; Section Id              ;
+-------------------------------------+---------------------------------+---------------+-------------+-------------------------+
; COMPILER_SIGNATURE_ID               ; 181122445363770.140121960900048 ; --            ; --          ; --                      ;
; EDA_BOARD_DESIGN_TIMING_TOOL        ; Stamp (Timing)                  ; <None>        ; --          ; --                      ;
; EDA_OUTPUT_DATA_FORMAT              ; Vhdl                            ; --            ; --          ; eda_simulation          ;
; EDA_OUTPUT_DATA_FORMAT              ; Stamp                           ; --            ; --          ; eda_board_design_timing ;
; EDA_SIMULATION_TOOL                 ; ModelSim-Altera (VHDL)          ; <None>        ; --          ; --                      ;
; MAX_CORE_JUNCTION_TEMP              ; 85                              ; --            ; --          ; --                      ;
; MIN_CORE_JUNCTION_TEMP              ; 0                               ; --            ; --          ; --                      ;
; NOMINAL_CORE_SUPPLY_VOLTAGE         ; 0.95V                           ; --            ; --          ; --                      ;
; PARTITION_COLOR                     ; 16764057                        ; --            ; --          ; Top                     ;
; PARTITION_FITTER_PRESERVATION_LEVEL ; PLACEMENT_AND_ROUTING           ; --            ; --          ; Top                     ;
; PARTITION_NETLIST_TYPE              ; SOURCE                          ; --            ; --          ; Top                     ;
; PROJECT_OUTPUT_DIRECTORY            ; output_files                    ; --            ; --          ; --                      ;
+-------------------------------------+---------------------------------+---------------+-------------+-------------------------+


+-------------------------------------------------------------------------------------------------------------------------------+
; Flow Elapsed Time                                                                                                             ;
+---------------------------+--------------+-------------------------+---------------------+------------------------------------+
; Module Name               ; Elapsed Time ; Average Processors Used ; Peak Virtual Memory ; Total CPU Time (on all processors) ;
+---------------------------+--------------+-------------------------+---------------------+------------------------------------+
; Analysis & Synthesis      ; 00:00:17     ; 1.0                     ; 310 MB              ; 00:00:06                           ;
; Fitter                    ; 00:01:34     ; 2.0                     ; 816 MB              ; 00:01:40                           ;
; TimeQuest Timing Analyzer ; 00:00:25     ; 1.0                     ; 478 MB              ; 00:00:11                           ;
; Assembler                 ; 00:00:11     ; 1.0                     ; 224 MB              ; 00:00:01                           ;
; EDA Netlist Writer        ; 00:00:13     ; 1.0                     ; 242 MB              ; 00:00:03                           ;
; Total                     ; 00:02:29     ; --                      ; --                  ; 00:02:00                           ;
+---------------------------+--------------+-------------------------+---------------------+------------------------------------+


+--------------------------------------------------------------------------------------------+
; Flow OS Summary                                                                            ;
+---------------------------+------------------+---------------+------------+----------------+
; Module Name               ; Machine Hostname ; OS Name       ; OS Version ; Processor type ;
+---------------------------+------------------+---------------+------------+----------------+
; Analysis & Synthesis      ; GACI-04          ; Windows Vista ; 6.2        ; x86_64         ;
; Fitter                    ; GACI-04          ; Windows Vista ; 6.2        ; x86_64         ;
; Assembler                 ; GACI-04          ; Windows Vista ; 6.2        ; x86_64         ;
; TimeQuest Timing Analyzer ; GACI-04          ; Windows Vista ; 6.2        ; x86_64         ;
; EDA Netlist Writer        ; GACI-04          ; Windows Vista ; 6.2        ; x86_64         ;
+---------------------------+------------------+---------------+------------+----------------+


------------
; Flow Log ;
------------
quartus_map --read_settings_files=on --write_settings_files=off alf_5x5 -c alf_5x5
quartus_fit --read_settings_files=off --write_settings_files=off alf_5x5 -c alf_5x5
quartus_asm --read_settings_files=off --write_settings_files=off alf_5x5 -c alf_5x5
quartus_sta alf_5x5 -c alf_5x5
quartus_eda --read_settings_files=off --write_settings_files=off alf_5x5 -c alf_5x5



