EDA Netlist Writer report for alf_5x5
Tue May 27 16:42:31 2014
Quartus II Version 9.1 Build 222 10/21/2009 SJ Full Version


---------------------
; Table of Contents ;
---------------------
  1. Legal Notice
  2. EDA Netlist Writer Summary
  3. Simulation Settings
  4. Simulation Generated Files
  5. Board-Level Settings
  6. Board-Level Generated Files
  7. EDA Netlist Writer Messages



----------------
; Legal Notice ;
----------------
Copyright (C) 1991-2009 Altera Corporation
Your use of Altera Corporation's design tools, logic functions 
and other software and tools, and its AMPP partner logic 
functions, and any output files from any of the foregoing 
(including device programming or simulation files), and any 
associated documentation or information are expressly subject 
to the terms and conditions of the Altera Program License 
Subscription Agreement, Altera MegaCore Function License 
Agreement, or other applicable license agreement, including, 
without limitation, that your use is for the sole purpose of 
programming logic devices manufactured by Altera and sold by 
Altera or its authorized distributors.  Please refer to the 
applicable agreement for further details.



+------------------------------------------------------------------------------+
; EDA Netlist Writer Summary                                                   ;
+--------------------------------------+---------------------------------------+
; EDA Netlist Writer Status            ; Successful - Tue May 27 16:42:31 2014 ;
; Revision Name                        ; alf_5x5                               ;
; Top-level Entity Name                ; alf_5x5                               ;
; Family                               ; Stratix IV                            ;
; Simulation Files Creation            ; Successful                            ;
; Board Timing Analysis Files Creation ; Successful                            ;
+--------------------------------------+---------------------------------------+


+----------------------------------------------------------------------------------------------------------------------------+
; Simulation Settings                                                                                                        ;
+---------------------------------------------------------------------------------------------------+------------------------+
; Option                                                                                            ; Setting                ;
+---------------------------------------------------------------------------------------------------+------------------------+
; Tool Name                                                                                         ; ModelSim-Altera (VHDL) ;
; Generate netlist for functional simulation only                                                   ; Off                    ;
; Time scale                                                                                        ; 1 ps                   ;
; Truncate long hierarchy paths                                                                     ; Off                    ;
; Map illegal HDL characters                                                                        ; Off                    ;
; Flatten buses into individual nodes                                                               ; Off                    ;
; Maintain hierarchy                                                                                ; Off                    ;
; Bring out device-wide set/reset signals as ports                                                  ; Off                    ;
; Enable glitch filtering                                                                           ; Off                    ;
; Do not write top level VHDL entity                                                                ; Off                    ;
; Disable detection of setup and hold time violations in the input registers of bi-directional pins ; Off                    ;
; Architecture name in VHDL output netlist                                                          ; structure              ;
; Generate third-party EDA tool command script for RTL functional simulation                        ; Off                    ;
; Generate third-party EDA tool command script for gate-level simulation                            ; Off                    ;
+---------------------------------------------------------------------------------------------------+------------------------+


+-------------------------------------------------------------------------------------------------------------------------------------------+
; Simulation Generated Files                                                                                                                ;
+-------------------------------------------------------------------------------------------------------------------------------------------+
; Generated Files                                                                                                                           ;
+-------------------------------------------------------------------------------------------------------------------------------------------+
; C:/Users/Ruhan/Dropbox/ALF - Pesquisa Desenvolvida/Arquiteturas/Andrio_5x5 completo/simulation/modelsim/alf_5x5_2_950mv_85c_slow.vho      ;
; C:/Users/Ruhan/Dropbox/ALF - Pesquisa Desenvolvida/Arquiteturas/Andrio_5x5 completo/simulation/modelsim/alf_5x5_2_950mv_0c_slow.vho       ;
; C:/Users/Ruhan/Dropbox/ALF - Pesquisa Desenvolvida/Arquiteturas/Andrio_5x5 completo/simulation/modelsim/alf_5x5_min_950mv_0c_fast.vho     ;
; C:/Users/Ruhan/Dropbox/ALF - Pesquisa Desenvolvida/Arquiteturas/Andrio_5x5 completo/simulation/modelsim/alf_5x5.vho                       ;
; C:/Users/Ruhan/Dropbox/ALF - Pesquisa Desenvolvida/Arquiteturas/Andrio_5x5 completo/simulation/modelsim/alf_5x5_2_950mv_85c_vhd_slow.sdo  ;
; C:/Users/Ruhan/Dropbox/ALF - Pesquisa Desenvolvida/Arquiteturas/Andrio_5x5 completo/simulation/modelsim/alf_5x5_2_950mv_0c_vhd_slow.sdo   ;
; C:/Users/Ruhan/Dropbox/ALF - Pesquisa Desenvolvida/Arquiteturas/Andrio_5x5 completo/simulation/modelsim/alf_5x5_min_950mv_0c_vhd_fast.sdo ;
; C:/Users/Ruhan/Dropbox/ALF - Pesquisa Desenvolvida/Arquiteturas/Andrio_5x5 completo/simulation/modelsim/alf_5x5_vhd.sdo                   ;
+-------------------------------------------------------------------------------------------------------------------------------------------+


+----------------------------------------+
; Board-Level Settings                   ;
+------------------------------+---------+
; Option                       ; Setting ;
+------------------------------+---------+
; Board Timing Analysis Format ; STAMP   ;
+------------------------------+---------+


+---------------------------------------------------------------------------------------------------------------------------------------------------------------------------------------------------------------------------------------------+
; Board-Level Generated Files                                                                                                                                                                                                                 ;
+---------------------------------------------------------------------------------------------------------------------------------------------------------------------------------------------------------------------------------------------+
; Generated Files                                                                                                                                                                                                                             ;
+---------------------------------------------------------------------------------------------------------------------------------------------------------------------------------------------------------------------------------------------+
; Board Timing Analysis                                                                                                                                                                                                                       ;
;     C:/Users/Ruhan/Dropbox/ALF - Pesquisa Desenvolvida/Arquiteturas/Andrio_5x5 completo/timing/stamp/C:/Users/Ruhan/Dropbox/ALF - Pesquisa Desenvolvida/Arquiteturas/Andrio_5x5 completo/timing/stamp//alf_5x5_2_950mv_85c_board_slow.mod   ;
;     C:/Users/Ruhan/Dropbox/ALF - Pesquisa Desenvolvida/Arquiteturas/Andrio_5x5 completo/timing/stamp/C:/Users/Ruhan/Dropbox/ALF - Pesquisa Desenvolvida/Arquiteturas/Andrio_5x5 completo/timing/stamp//alf_5x5_2_950mv_85c_board_slow.data  ;
;     C:/Users/Ruhan/Dropbox/ALF - Pesquisa Desenvolvida/Arquiteturas/Andrio_5x5 completo/timing/stamp/C:/Users/Ruhan/Dropbox/ALF - Pesquisa Desenvolvida/Arquiteturas/Andrio_5x5 completo/timing/stamp//alf_5x5_2_950mv_0c_board_slow.mod    ;
;     C:/Users/Ruhan/Dropbox/ALF - Pesquisa Desenvolvida/Arquiteturas/Andrio_5x5 completo/timing/stamp/C:/Users/Ruhan/Dropbox/ALF - Pesquisa Desenvolvida/Arquiteturas/Andrio_5x5 completo/timing/stamp//alf_5x5_2_950mv_0c_board_slow.data   ;
;     C:/Users/Ruhan/Dropbox/ALF - Pesquisa Desenvolvida/Arquiteturas/Andrio_5x5 completo/timing/stamp/C:/Users/Ruhan/Dropbox/ALF - Pesquisa Desenvolvida/Arquiteturas/Andrio_5x5 completo/timing/stamp//alf_5x5_min_950mv_0c_board_fast.mod  ;
;     C:/Users/Ruhan/Dropbox/ALF - Pesquisa Desenvolvida/Arquiteturas/Andrio_5x5 completo/timing/stamp/C:/Users/Ruhan/Dropbox/ALF - Pesquisa Desenvolvida/Arquiteturas/Andrio_5x5 completo/timing/stamp//alf_5x5_min_950mv_0c_board_fast.data ;
;     C:/Users/Ruhan/Dropbox/ALF - Pesquisa Desenvolvida/Arquiteturas/Andrio_5x5 completo/timing/stamp/C:/Users/Ruhan/Dropbox/ALF - Pesquisa Desenvolvida/Arquiteturas/Andrio_5x5 completo/timing/stamp//alf_5x5_board.mod                    ;
;     C:/Users/Ruhan/Dropbox/ALF - Pesquisa Desenvolvida/Arquiteturas/Andrio_5x5 completo/timing/stamp/C:/Users/Ruhan/Dropbox/ALF - Pesquisa Desenvolvida/Arquiteturas/Andrio_5x5 completo/timing/stamp//alf_5x5_board.data                   ;
+---------------------------------------------------------------------------------------------------------------------------------------------------------------------------------------------------------------------------------------------+


+-----------------------------+
; EDA Netlist Writer Messages ;
+-----------------------------+
Info: *******************************************************************
Info: Running Quartus II EDA Netlist Writer
    Info: Version 9.1 Build 222 10/21/2009 SJ Full Version
    Info: Processing started: Tue May 27 16:42:28 2014
Info: Command: quartus_eda --read_settings_files=off --write_settings_files=off alf_5x5 -c alf_5x5
Info: Generated file alf_5x5_2_950mv_85c_slow.vho in folder "C:/Users/Ruhan/Dropbox/ALF - Pesquisa Desenvolvida/Arquiteturas/Andrio_5x5 completo/simulation/modelsim/" for EDA simulation tool
Info: Generated file alf_5x5_2_950mv_0c_slow.vho in folder "C:/Users/Ruhan/Dropbox/ALF - Pesquisa Desenvolvida/Arquiteturas/Andrio_5x5 completo/simulation/modelsim/" for EDA simulation tool
Info: Generated file alf_5x5_min_950mv_0c_fast.vho in folder "C:/Users/Ruhan/Dropbox/ALF - Pesquisa Desenvolvida/Arquiteturas/Andrio_5x5 completo/simulation/modelsim/" for EDA simulation tool
Info: Generated file alf_5x5.vho in folder "C:/Users/Ruhan/Dropbox/ALF - Pesquisa Desenvolvida/Arquiteturas/Andrio_5x5 completo/simulation/modelsim/" for EDA simulation tool
Info: Generated file alf_5x5_2_950mv_85c_vhd_slow.sdo in folder "C:/Users/Ruhan/Dropbox/ALF - Pesquisa Desenvolvida/Arquiteturas/Andrio_5x5 completo/simulation/modelsim/" for EDA simulation tool
Info: Generated file alf_5x5_2_950mv_0c_vhd_slow.sdo in folder "C:/Users/Ruhan/Dropbox/ALF - Pesquisa Desenvolvida/Arquiteturas/Andrio_5x5 completo/simulation/modelsim/" for EDA simulation tool
Info: Generated file alf_5x5_min_950mv_0c_vhd_fast.sdo in folder "C:/Users/Ruhan/Dropbox/ALF - Pesquisa Desenvolvida/Arquiteturas/Andrio_5x5 completo/simulation/modelsim/" for EDA simulation tool
Info: Generated file alf_5x5_vhd.sdo in folder "C:/Users/Ruhan/Dropbox/ALF - Pesquisa Desenvolvida/Arquiteturas/Andrio_5x5 completo/simulation/modelsim/" for EDA simulation tool
Info: Generated files "C:/Users/Ruhan/Dropbox/ALF - Pesquisa Desenvolvida/Arquiteturas/Andrio_5x5 completo/timing/stamp//alf_5x5_2_950mv_85c_board_slow.mod" and "C:/Users/Ruhan/Dropbox/ALF - Pesquisa Desenvolvida/Arquiteturas/Andrio_5x5 completo/timing/stamp//alf_5x5_2_950mv_85c_board_slow.data"
Info: Generated files "C:/Users/Ruhan/Dropbox/ALF - Pesquisa Desenvolvida/Arquiteturas/Andrio_5x5 completo/timing/stamp//alf_5x5_2_950mv_0c_board_slow.mod" and "C:/Users/Ruhan/Dropbox/ALF - Pesquisa Desenvolvida/Arquiteturas/Andrio_5x5 completo/timing/stamp//alf_5x5_2_950mv_0c_board_slow.data"
Info: Generated files "C:/Users/Ruhan/Dropbox/ALF - Pesquisa Desenvolvida/Arquiteturas/Andrio_5x5 completo/timing/stamp//alf_5x5_min_950mv_0c_board_fast.mod" and "C:/Users/Ruhan/Dropbox/ALF - Pesquisa Desenvolvida/Arquiteturas/Andrio_5x5 completo/timing/stamp//alf_5x5_min_950mv_0c_board_fast.data"
Info: Generated files "C:/Users/Ruhan/Dropbox/ALF - Pesquisa Desenvolvida/Arquiteturas/Andrio_5x5 completo/timing/stamp//alf_5x5_board.mod" and "C:/Users/Ruhan/Dropbox/ALF - Pesquisa Desenvolvida/Arquiteturas/Andrio_5x5 completo/timing/stamp//alf_5x5_board.data"
Info: Quartus II EDA Netlist Writer was successful. 0 errors, 1 warning
    Info: Peak virtual memory: 255 megabytes
    Info: Processing ended: Tue May 27 16:42:31 2014
    Info: Elapsed time: 00:00:03
    Info: Total CPU time (on all processors): 00:00:03


