Classic Timing Analyzer report for SomadorSubtrator
Wed Jul 24 14:04:36 2013
Quartus II Version 9.1 Build 350 03/24/2010 Service Pack 2 SJ Web Edition


---------------------
; Table of Contents ;
---------------------
  1. Legal Notice
  2. Timing Analyzer Summary
  3. Timing Analyzer Settings
  4. Parallel Compilation
  5. tpd
  6. Timing Analyzer Messages



----------------
; Legal Notice ;
----------------
Copyright (C) 1991-2010 Altera Corporation
Your use of Altera Corporation's design tools, logic functions 
and other software and tools, and its AMPP partner logic 
functions, and any output files from any of the foregoing 
(including device programming or simulation files), and any 
associated documentation or information are expressly subject 
to the terms and conditions of the Altera Program License 
Subscription Agreement, Altera MegaCore Function License 
Agreement, or other applicable license agreement, including, 
without limitation, that your use is for the sole purpose of 
programming logic devices manufactured by Altera and sold by 
Altera or its authorized distributors.  Please refer to the 
applicable agreement for further details.



+-------------------------------------------------------------------------------------------------------------------------------------+
; Timing Analyzer Summary                                                                                                             ;
+------------------------------+-------+---------------+-------------+------------+------------+------------+----------+--------------+
; Type                         ; Slack ; Required Time ; Actual Time ; From       ; To         ; From Clock ; To Clock ; Failed Paths ;
+------------------------------+-------+---------------+-------------+------------+------------+------------+----------+--------------+
; Worst-case tpd               ; N/A   ; None          ; 10.952 ns   ; controleSB ; saidaSB[3] ; --         ; --       ; 0            ;
; Total number of failed paths ;       ;               ;             ;            ;            ;            ;          ; 0            ;
+------------------------------+-------+---------------+-------------+------------+------------+------------+----------+--------------+


+-----------------------------------------------------------------------------------------------------------------------------------------------------+
; Timing Analyzer Settings                                                                                                                            ;
+------------------------------------------------------------------------------------------------------+--------------------+------+----+-------------+
; Option                                                                                               ; Setting            ; From ; To ; Entity Name ;
+------------------------------------------------------------------------------------------------------+--------------------+------+----+-------------+
; Device Name                                                                                          ; EP2S15F484C3       ;      ;    ;             ;
; Timing Models                                                                                        ; Final              ;      ;    ;             ;
; Default hold multicycle                                                                              ; Same as Multicycle ;      ;    ;             ;
; Cut paths between unrelated clock domains                                                            ; On                 ;      ;    ;             ;
; Cut off read during write signal paths                                                               ; On                 ;      ;    ;             ;
; Cut off feedback from I/O pins                                                                       ; On                 ;      ;    ;             ;
; Report Combined Fast/Slow Timing                                                                     ; Off                ;      ;    ;             ;
; Ignore Clock Settings                                                                                ; Off                ;      ;    ;             ;
; Analyze latches as synchronous elements                                                              ; On                 ;      ;    ;             ;
; Enable Recovery/Removal analysis                                                                     ; Off                ;      ;    ;             ;
; Enable Clock Latency                                                                                 ; Off                ;      ;    ;             ;
; Use TimeQuest Timing Analyzer                                                                        ; Off                ;      ;    ;             ;
; Number of source nodes to report per destination node                                                ; 10                 ;      ;    ;             ;
; Number of destination nodes to report                                                                ; 10                 ;      ;    ;             ;
; Number of paths to report                                                                            ; 200                ;      ;    ;             ;
; Report Minimum Timing Checks                                                                         ; Off                ;      ;    ;             ;
; Use Fast Timing Models                                                                               ; Off                ;      ;    ;             ;
; Report IO Paths Separately                                                                           ; Off                ;      ;    ;             ;
; Perform Multicorner Analysis                                                                         ; On                 ;      ;    ;             ;
; Reports the worst-case path for each clock domain and analysis                                       ; Off                ;      ;    ;             ;
; Reports worst-case timing paths for each clock domain and analysis                                   ; Off                ;      ;    ;             ;
; Specifies the maximum number of worst-case timing paths to report for each clock domain and analysis ; 100                ;      ;    ;             ;
; Removes common clock path pessimism (CCPP) during slack computation                                  ; Off                ;      ;    ;             ;
; Output I/O Timing Endpoint                                                                           ; Near End           ;      ;    ;             ;
+------------------------------------------------------------------------------------------------------+--------------------+------+----+-------------+


Parallel compilation was disabled, but you have multiple processors available. Enable parallel compilation to reduce compilation time.
+-------------------------------------+
; Parallel Compilation                ;
+----------------------------+--------+
; Processors                 ; Number ;
+----------------------------+--------+
; Number detected on machine ; 2      ;
; Maximum allowed            ; 1      ;
+----------------------------+--------+


+--------------------------------------------------------------------------+
; tpd                                                                      ;
+-------+-------------------+-----------------+---------------+------------+
; Slack ; Required P2P Time ; Actual P2P Time ; From          ; To         ;
+-------+-------------------+-----------------+---------------+------------+
; N/A   ; None              ; 10.952 ns       ; controleSB    ; saidaSB[3] ;
; N/A   ; None              ; 10.799 ns       ; entradaSBA[1] ; saidaSB[3] ;
; N/A   ; None              ; 10.604 ns       ; controleSB    ; overflowSB ;
; N/A   ; None              ; 10.451 ns       ; entradaSBA[1] ; overflowSB ;
; N/A   ; None              ; 10.408 ns       ; controleSB    ; saidaSB[2] ;
; N/A   ; None              ; 10.357 ns       ; entradaSBB[1] ; saidaSB[3] ;
; N/A   ; None              ; 10.270 ns       ; entradaSBA[0] ; saidaSB[3] ;
; N/A   ; None              ; 10.255 ns       ; entradaSBA[1] ; saidaSB[2] ;
; N/A   ; None              ; 10.097 ns       ; entradaSBB[0] ; saidaSB[3] ;
; N/A   ; None              ; 10.009 ns       ; entradaSBB[1] ; overflowSB ;
; N/A   ; None              ; 9.933 ns        ; entradaSBA[1] ; saidaSB[1] ;
; N/A   ; None              ; 9.922 ns        ; entradaSBA[0] ; overflowSB ;
; N/A   ; None              ; 9.813 ns        ; entradaSBB[1] ; saidaSB[2] ;
; N/A   ; None              ; 9.803 ns        ; entradaSBB[0] ; saidaSB[0] ;
; N/A   ; None              ; 9.785 ns        ; entradaSBB[2] ; saidaSB[3] ;
; N/A   ; None              ; 9.750 ns        ; controleSB    ; saidaSB[1] ;
; N/A   ; None              ; 9.749 ns        ; entradaSBB[0] ; overflowSB ;
; N/A   ; None              ; 9.726 ns        ; entradaSBA[0] ; saidaSB[2] ;
; N/A   ; None              ; 9.670 ns        ; entradaSBB[2] ; saidaSB[2] ;
; N/A   ; None              ; 9.654 ns        ; entradaSBB[1] ; saidaSB[1] ;
; N/A   ; None              ; 9.624 ns        ; entradaSBB[3] ; saidaSB[3] ;
; N/A   ; None              ; 9.607 ns        ; entradaSBA[3] ; saidaSB[3] ;
; N/A   ; None              ; 9.604 ns        ; entradaSBA[2] ; saidaSB[3] ;
; N/A   ; None              ; 9.603 ns        ; entradaSBB[0] ; saidaSB[1] ;
; N/A   ; None              ; 9.553 ns        ; entradaSBB[0] ; saidaSB[2] ;
; N/A   ; None              ; 9.434 ns        ; entradaSBB[2] ; overflowSB ;
; N/A   ; None              ; 9.275 ns        ; entradaSBB[3] ; overflowSB ;
; N/A   ; None              ; 9.256 ns        ; entradaSBA[3] ; overflowSB ;
; N/A   ; None              ; 9.253 ns        ; entradaSBA[2] ; overflowSB ;
; N/A   ; None              ; 9.229 ns        ; entradaSBA[0] ; saidaSB[0] ;
; N/A   ; None              ; 9.197 ns        ; entradaSBA[0] ; saidaSB[1] ;
; N/A   ; None              ; 9.176 ns        ; entradaSBA[2] ; saidaSB[2] ;
+-------+-------------------+-----------------+---------------+------------+


+--------------------------+
; Timing Analyzer Messages ;
+--------------------------+
Info: *******************************************************************
Info: Running Quartus II Classic Timing Analyzer
    Info: Version 9.1 Build 350 03/24/2010 Service Pack 2 SJ Web Edition
    Info: Processing started: Wed Jul 24 14:04:36 2013
Info: Command: quartus_tan --read_settings_files=off --write_settings_files=off SomadorSubtrator -c SomadorSubtrator --timing_analysis_only
Info: Longest tpd from source pin "controleSB" to destination pin "saidaSB[3]" is 10.952 ns
    Info: 1: + IC(0.000 ns) + CELL(0.857 ns) = 0.857 ns; Loc. = PIN_AA7; Fanout = 5; PIN Node = 'controleSB'
    Info: 2: + IC(4.619 ns) + CELL(0.346 ns) = 5.822 ns; Loc. = LCCOMB_X14_Y1_N20; Fanout = 3; COMB Node = 'MeioSomador:somador1|carry_outMS~0'
    Info: 3: + IC(0.249 ns) + CELL(0.272 ns) = 6.343 ns; Loc. = LCCOMB_X14_Y1_N24; Fanout = 1; COMB Node = 'MeioSomador:somador3|saidaMS'
    Info: 4: + IC(2.627 ns) + CELL(1.982 ns) = 10.952 ns; Loc. = PIN_C17; Fanout = 0; PIN Node = 'saidaSB[3]'
    Info: Total cell delay = 3.457 ns ( 31.57 % )
    Info: Total interconnect delay = 7.495 ns ( 68.43 % )
Info: Quartus II Classic Timing Analyzer was successful. 0 errors, 0 warnings
    Info: Peak virtual memory: 169 megabytes
    Info: Processing ended: Wed Jul 24 14:04:36 2013
    Info: Elapsed time: 00:00:00
    Info: Total CPU time (on all processors): 00:00:00


