Classic Timing Analyzer report for ULA
Tue Aug 20 22:08:32 2013
Quartus II Version 9.1 Build 350 03/24/2010 Service Pack 2 SJ Web Edition


---------------------
; Table of Contents ;
---------------------
  1. Legal Notice
  2. Timing Analyzer Summary
  3. Timing Analyzer Settings
  4. Parallel Compilation
  5. tpd
  6. Timing Analyzer Messages



----------------
; Legal Notice ;
----------------
Copyright (C) 1991-2010 Altera Corporation
Your use of Altera Corporation's design tools, logic functions 
and other software and tools, and its AMPP partner logic 
functions, and any output files from any of the foregoing 
(including device programming or simulation files), and any 
associated documentation or information are expressly subject 
to the terms and conditions of the Altera Program License 
Subscription Agreement, Altera MegaCore Function License 
Agreement, or other applicable license agreement, including, 
without limitation, that your use is for the sole purpose of 
programming logic devices manufactured by Altera and sold by 
Altera or its authorized distributors.  Please refer to the 
applicable agreement for further details.



+-----------------------------------------------------------------------------------------------------------------------+
; Timing Analyzer Summary                                                                                               ;
+------------------------------+-------+---------------+-------------+------+----+------------+----------+--------------+
; Type                         ; Slack ; Required Time ; Actual Time ; From ; To ; From Clock ; To Clock ; Failed Paths ;
+------------------------------+-------+---------------+-------------+------+----+------------+----------+--------------+
; Worst-case tpd               ; N/A   ; None          ; 17.435 ns   ; A[0] ; Z  ; --         ; --       ; 0            ;
; Total number of failed paths ;       ;               ;             ;      ;    ;            ;          ; 0            ;
+------------------------------+-------+---------------+-------------+------+----+------------+----------+--------------+


+-----------------------------------------------------------------------------------------------------------------------------------------------------+
; Timing Analyzer Settings                                                                                                                            ;
+------------------------------------------------------------------------------------------------------+--------------------+------+----+-------------+
; Option                                                                                               ; Setting            ; From ; To ; Entity Name ;
+------------------------------------------------------------------------------------------------------+--------------------+------+----+-------------+
; Device Name                                                                                          ; EP2C35F672C6       ;      ;    ;             ;
; Timing Models                                                                                        ; Final              ;      ;    ;             ;
; Default hold multicycle                                                                              ; Same as Multicycle ;      ;    ;             ;
; Cut paths between unrelated clock domains                                                            ; On                 ;      ;    ;             ;
; Cut off read during write signal paths                                                               ; On                 ;      ;    ;             ;
; Cut off feedback from I/O pins                                                                       ; On                 ;      ;    ;             ;
; Report Combined Fast/Slow Timing                                                                     ; Off                ;      ;    ;             ;
; Ignore Clock Settings                                                                                ; Off                ;      ;    ;             ;
; Analyze latches as synchronous elements                                                              ; On                 ;      ;    ;             ;
; Enable Recovery/Removal analysis                                                                     ; Off                ;      ;    ;             ;
; Enable Clock Latency                                                                                 ; Off                ;      ;    ;             ;
; Use TimeQuest Timing Analyzer                                                                        ; Off                ;      ;    ;             ;
; Minimum Core Junction Temperature                                                                    ; 0                  ;      ;    ;             ;
; Maximum Core Junction Temperature                                                                    ; 85                 ;      ;    ;             ;
; Number of source nodes to report per destination node                                                ; 10                 ;      ;    ;             ;
; Number of destination nodes to report                                                                ; 10                 ;      ;    ;             ;
; Number of paths to report                                                                            ; 200                ;      ;    ;             ;
; Report Minimum Timing Checks                                                                         ; Off                ;      ;    ;             ;
; Use Fast Timing Models                                                                               ; Off                ;      ;    ;             ;
; Report IO Paths Separately                                                                           ; Off                ;      ;    ;             ;
; Perform Multicorner Analysis                                                                         ; On                 ;      ;    ;             ;
; Reports the worst-case path for each clock domain and analysis                                       ; Off                ;      ;    ;             ;
; Reports worst-case timing paths for each clock domain and analysis                                   ; On                 ;      ;    ;             ;
; Specifies the maximum number of worst-case timing paths to report for each clock domain and analysis ; 100                ;      ;    ;             ;
; Removes common clock path pessimism (CCPP) during slack computation                                  ; Off                ;      ;    ;             ;
; Output I/O Timing Endpoint                                                                           ; Near End           ;      ;    ;             ;
+------------------------------------------------------------------------------------------------------+--------------------+------+----+-------------+


Parallel compilation was disabled, but you have multiple processors available. Enable parallel compilation to reduce compilation time.
+-------------------------------------+
; Parallel Compilation                ;
+----------------------------+--------+
; Processors                 ; Number ;
+----------------------------+--------+
; Number detected on machine ; 4      ;
; Maximum allowed            ; 1      ;
+----------------------------+--------+


+----------------------------------------------------------------------------------------------------------------------------------+
; tpd                                                                                                                              ;
+-----------------------------------------+-----------------------------------------------------+-----------------+------+---------+
; Slack                                   ; Required P2P Time                                   ; Actual P2P Time ; From ; To      ;
+-----------------------------------------+-----------------------------------------------------+-----------------+------+---------+
; N/A                                     ; None                                                ; 17.435 ns       ; A[0] ; Z       ;
; N/A                                     ; None                                                ; 17.273 ns       ; A[1] ; Z       ;
; N/A                                     ; None                                                ; 16.883 ns       ; A[3] ; Z       ;
; N/A                                     ; None                                                ; 16.542 ns       ; A[2] ; Z       ;
; N/A                                     ; None                                                ; 16.278 ns       ; A[0] ; SN[6]   ;
; N/A                                     ; None                                                ; 16.116 ns       ; A[1] ; SN[6]   ;
; N/A                                     ; None                                                ; 15.999 ns       ; A[0] ; N       ;
; N/A                                     ; None                                                ; 15.896 ns       ; A[3] ; SN[6]   ;
; N/A                                     ; None                                                ; 15.856 ns       ; A[0] ; V       ;
; N/A                                     ; None                                                ; 15.837 ns       ; A[1] ; N       ;
; N/A                                     ; None                                                ; 15.694 ns       ; A[1] ; V       ;
; N/A                                     ; None                                                ; 15.617 ns       ; A[3] ; N       ;
; N/A                                     ; None                                                ; 15.608 ns       ; A[0] ; S[5]    ;
; N/A                                     ; None                                                ; 15.590 ns       ; A[0] ; S[4]    ;
; N/A                                     ; None                                                ; 15.589 ns       ; A[0] ; S[3]    ;
; N/A                                     ; None                                                ; 15.580 ns       ; A[0] ; S[6]    ;
; N/A                                     ; None                                                ; 15.446 ns       ; A[1] ; S[5]    ;
; N/A                                     ; None                                                ; 15.428 ns       ; A[1] ; S[4]    ;
; N/A                                     ; None                                                ; 15.427 ns       ; A[1] ; S[3]    ;
; N/A                                     ; None                                                ; 15.422 ns       ; A[0] ; E[0]    ;
; N/A                                     ; None                                                ; 15.418 ns       ; A[1] ; S[6]    ;
; N/A                                     ; None                                                ; 15.386 ns       ; A[0] ; E[6]    ;
; N/A                                     ; None                                                ; 15.376 ns       ; A[0] ; E[5]    ;
; N/A                                     ; None                                                ; 15.348 ns       ; A[0] ; S[0]    ;
; N/A                                     ; None                                                ; 15.327 ns       ; A[0] ; S[2]    ;
; N/A                                     ; None                                                ; 15.314 ns       ; A[0] ; S[1]    ;
; N/A                                     ; None                                                ; 15.260 ns       ; A[1] ; E[0]    ;
; N/A                                     ; None                                                ; 15.224 ns       ; A[1] ; E[6]    ;
; N/A                                     ; None                                                ; 15.214 ns       ; A[1] ; E[5]    ;
; N/A                                     ; None                                                ; 15.186 ns       ; A[1] ; S[0]    ;
; N/A                                     ; None                                                ; 15.165 ns       ; A[1] ; S[2]    ;
; N/A                                     ; None                                                ; 15.152 ns       ; A[1] ; S[1]    ;
; N/A                                     ; None                                                ; 15.091 ns       ; A[3] ; S[5]    ;
; N/A                                     ; None                                                ; 15.084 ns       ; A[2] ; SN[6]   ;
; N/A                                     ; None                                                ; 15.076 ns       ; A[3] ; S[6]    ;
; N/A                                     ; None                                                ; 14.967 ns       ; A[2] ; V       ;
; N/A                                     ; None                                                ; 14.955 ns       ; A[0] ; E[4]    ;
; N/A                                     ; None                                                ; 14.955 ns       ; A[0] ; E[3]    ;
; N/A                                     ; None                                                ; 14.841 ns       ; A[3] ; S[0]    ;
; N/A                                     ; None                                                ; 14.809 ns       ; A[3] ; S[2]    ;
; N/A                                     ; None                                                ; 14.805 ns       ; A[2] ; N       ;
; N/A                                     ; None                                                ; 14.796 ns       ; A[3] ; S[1]    ;
; N/A                                     ; None                                                ; 14.793 ns       ; A[1] ; E[4]    ;
; N/A                                     ; None                                                ; 14.793 ns       ; A[1] ; E[3]    ;
; N/A                                     ; None                                                ; 14.715 ns       ; A[2] ; S[5]    ;
; N/A                                     ; None                                                ; 14.697 ns       ; A[2] ; S[4]    ;
; N/A                                     ; None                                                ; 14.696 ns       ; A[2] ; S[3]    ;
; N/A                                     ; None                                                ; 14.687 ns       ; A[2] ; S[6]    ;
; N/A                                     ; None                                                ; 14.569 ns       ; B[1] ; Z       ;
; N/A                                     ; None                                                ; 14.533 ns       ; A[2] ; E[0]    ;
; N/A                                     ; None                                                ; 14.497 ns       ; A[2] ; E[6]    ;
; N/A                                     ; None                                                ; 14.487 ns       ; A[2] ; E[5]    ;
; N/A                                     ; None                                                ; 14.455 ns       ; A[2] ; S[0]    ;
; N/A                                     ; None                                                ; 14.434 ns       ; A[2] ; S[2]    ;
; N/A                                     ; None                                                ; 14.421 ns       ; A[2] ; S[1]    ;
; N/A                                     ; None                                                ; 14.276 ns       ; B[0] ; Z       ;
; N/A                                     ; None                                                ; 14.066 ns       ; A[2] ; E[4]    ;
; N/A                                     ; None                                                ; 14.066 ns       ; A[2] ; E[3]    ;
; N/A                                     ; None                                                ; 13.947 ns       ; B[2] ; Z       ;
; N/A                                     ; None                                                ; 13.866 ns       ; A[3] ; V       ;
; N/A                                     ; None                                                ; 13.718 ns       ; F[0] ; Z       ;
; N/A                                     ; None                                                ; 13.671 ns       ; F[1] ; Z       ;
; N/A                                     ; None                                                ; 13.488 ns       ; F[2] ; Z       ;
; N/A                                     ; None                                                ; 13.432 ns       ; A[3] ; E[0]    ;
; N/A                                     ; None                                                ; 13.410 ns       ; B[1] ; SN[6]   ;
; N/A                                     ; None                                                ; 13.397 ns       ; B[3] ; Z       ;
; N/A                                     ; None                                                ; 13.396 ns       ; A[3] ; E[6]    ;
; N/A                                     ; None                                                ; 13.386 ns       ; A[3] ; E[5]    ;
; N/A                                     ; None                                                ; 13.131 ns       ; B[1] ; N       ;
; N/A                                     ; None                                                ; 13.120 ns       ; B[0] ; SN[6]   ;
; N/A                                     ; None                                                ; 12.990 ns       ; B[1] ; V       ;
; N/A                                     ; None                                                ; 12.965 ns       ; A[3] ; E[4]    ;
; N/A                                     ; None                                                ; 12.965 ns       ; A[3] ; E[3]    ;
; N/A                                     ; None                                                ; 12.841 ns       ; B[0] ; N       ;
; N/A                                     ; None                                                ; 12.742 ns       ; B[1] ; S[5]    ;
; N/A                                     ; None                                                ; 12.724 ns       ; B[1] ; S[4]    ;
; N/A                                     ; None                                                ; 12.723 ns       ; B[1] ; S[3]    ;
; N/A                                     ; None                                                ; 12.714 ns       ; B[1] ; S[6]    ;
; N/A                                     ; None                                                ; 12.697 ns       ; B[0] ; V       ;
; N/A                                     ; None                                                ; 12.556 ns       ; B[1] ; E[0]    ;
; N/A                                     ; None                                                ; 12.520 ns       ; B[1] ; E[6]    ;
; N/A                                     ; None                                                ; 12.510 ns       ; B[1] ; E[5]    ;
; N/A                                     ; None                                                ; 12.482 ns       ; B[1] ; S[0]    ;
; N/A                                     ; None                                                ; 12.461 ns       ; B[1] ; S[2]    ;
; N/A                                     ; None                                                ; 12.449 ns       ; F[2] ; SN[6]   ;
; N/A                                     ; None                                                ; 12.449 ns       ; B[0] ; S[5]    ;
; N/A                                     ; None                                                ; 12.448 ns       ; B[1] ; S[1]    ;
; N/A                                     ; None                                                ; 12.431 ns       ; B[0] ; S[4]    ;
; N/A                                     ; None                                                ; 12.430 ns       ; B[0] ; S[3]    ;
; N/A                                     ; None                                                ; 12.421 ns       ; B[0] ; S[6]    ;
; N/A                                     ; None                                                ; 12.419 ns       ; F[1] ; SN[6]   ;
; N/A                                     ; None                                                ; 12.410 ns       ; B[3] ; SN[6]   ;
; N/A                                     ; None                                                ; 12.349 ns       ; B[2] ; SN[6]   ;
; N/A                                     ; None                                                ; 12.263 ns       ; B[0] ; E[0]    ;
; N/A                                     ; None                                                ; 12.227 ns       ; B[0] ; E[6]    ;
; N/A                                     ; None                                                ; 12.223 ns       ; B[2] ; V       ;
; N/A                                     ; None                                                ; 12.217 ns       ; B[0] ; E[5]    ;
; N/A                                     ; None                                                ; 12.189 ns       ; B[0] ; S[0]    ;
; N/A                                     ; None                                                ; 12.170 ns       ; F[2] ; N       ;
; N/A                                     ; None                                                ; 12.168 ns       ; B[0] ; S[2]    ;
; N/A                                     ; None                                                ; 12.155 ns       ; B[0] ; S[1]    ;
; N/A                                     ; None                                                ; 12.140 ns       ; F[1] ; N       ;
; N/A                                     ; None                                                ; 12.131 ns       ; B[3] ; N       ;
; N/A                                     ; None                                                ; 12.120 ns       ; B[2] ; S[5]    ;
; N/A                                     ; None                                                ; 12.102 ns       ; B[2] ; S[4]    ;
; N/A                                     ; None                                                ; 12.101 ns       ; B[2] ; S[3]    ;
; N/A                                     ; None                                                ; 12.092 ns       ; B[2] ; S[6]    ;
; N/A                                     ; None                                                ; 12.089 ns       ; B[1] ; E[4]    ;
; N/A                                     ; None                                                ; 12.089 ns       ; B[1] ; E[3]    ;
; N/A                                     ; None                                                ; 12.070 ns       ; B[2] ; N       ;
; N/A                                     ; None                                                ; 11.930 ns       ; F[0] ; S[5]    ;
; N/A                                     ; None                                                ; 11.920 ns       ; A[1] ; Aled[1] ;
; N/A                                     ; None                                                ; 11.909 ns       ; F[0] ; S[6]    ;
; N/A                                     ; None                                                ; 11.890 ns       ; F[0] ; S[3]    ;
; N/A                                     ; None                                                ; 11.888 ns       ; F[0] ; S[4]    ;
; N/A                                     ; None                                                ; 11.884 ns       ; A[0] ; Aled[0] ;
; N/A                                     ; None                                                ; 11.879 ns       ; F[1] ; S[5]    ;
; N/A                                     ; None                                                ; 11.872 ns       ; F[0] ; SN[6]   ;
; N/A                                     ; None                                                ; 11.864 ns       ; F[1] ; S[6]    ;
; N/A                                     ; None                                                ; 11.860 ns       ; B[2] ; S[0]    ;
; N/A                                     ; None                                                ; 11.839 ns       ; B[2] ; S[2]    ;
; N/A                                     ; None                                                ; 11.826 ns       ; B[2] ; S[1]    ;
; N/A                                     ; None                                                ; 11.796 ns       ; B[0] ; E[4]    ;
; N/A                                     ; None                                                ; 11.796 ns       ; B[0] ; E[3]    ;
; N/A                                     ; None                                                ; 11.789 ns       ; B[2] ; E[0]    ;
; N/A                                     ; None                                                ; 11.753 ns       ; B[2] ; E[6]    ;
; N/A                                     ; None                                                ; 11.743 ns       ; B[2] ; E[5]    ;
; N/A                                     ; None                                                ; 11.696 ns       ; F[2] ; S[5]    ;
; N/A                                     ; None                                                ; 11.681 ns       ; F[2] ; S[6]    ;
; N/A                                     ; None                                                ; 11.647 ns       ; F[0] ; S[2]    ;
; N/A                                     ; None                                                ; 11.647 ns       ; F[0] ; S[0]    ;
; N/A                                     ; None                                                ; 11.635 ns       ; F[0] ; S[1]    ;
; N/A                                     ; None                                                ; 11.629 ns       ; F[1] ; S[0]    ;
; N/A                                     ; None                                                ; 11.605 ns       ; B[3] ; S[5]    ;
; N/A                                     ; None                                                ; 11.602 ns       ; A[3] ; Aled[3] ;
; N/A                                     ; None                                                ; 11.597 ns       ; F[1] ; S[2]    ;
; N/A                                     ; None                                                ; 11.593 ns       ; F[0] ; N       ;
; N/A                                     ; None                                                ; 11.592 ns       ; F[2] ; S[4]    ;
; N/A                                     ; None                                                ; 11.591 ns       ; F[2] ; S[3]    ;
; N/A                                     ; None                                                ; 11.590 ns       ; B[3] ; S[6]    ;
; N/A                                     ; None                                                ; 11.584 ns       ; F[1] ; S[1]    ;
; N/A                                     ; None                                                ; 11.446 ns       ; F[2] ; S[0]    ;
; N/A                                     ; None                                                ; 11.414 ns       ; F[2] ; S[2]    ;
; N/A                                     ; None                                                ; 11.401 ns       ; F[2] ; S[1]    ;
; N/A                                     ; None                                                ; 11.390 ns       ; F[1] ; S[3]    ;
; N/A                                     ; None                                                ; 11.388 ns       ; F[1] ; S[4]    ;
; N/A                                     ; None                                                ; 11.355 ns       ; B[3] ; S[0]    ;
; N/A                                     ; None                                                ; 11.323 ns       ; B[3] ; S[2]    ;
; N/A                                     ; None                                                ; 11.322 ns       ; B[2] ; E[4]    ;
; N/A                                     ; None                                                ; 11.322 ns       ; B[2] ; E[3]    ;
; N/A                                     ; None                                                ; 11.310 ns       ; B[3] ; S[1]    ;
; N/A                                     ; None                                                ; 11.261 ns       ; A[2] ; Aled[2] ;
; N/A                                     ; None                                                ; 11.131 ns       ; A[0] ; A7[4]   ;
; N/A                                     ; None                                                ; 11.013 ns       ; A[0] ; A7[3]   ;
; N/A                                     ; None                                                ; 10.968 ns       ; A[1] ; A7[4]   ;
; N/A                                     ; None                                                ; 10.895 ns       ; A[2] ; A7[6]   ;
; N/A                                     ; None                                                ; 10.894 ns       ; A[2] ; A7[5]   ;
; N/A                                     ; None                                                ; 10.824 ns       ; A[1] ; A7[3]   ;
; N/A                                     ; None                                                ; 10.815 ns       ; A[1] ; A7[5]   ;
; N/A                                     ; None                                                ; 10.809 ns       ; A[1] ; A7[6]   ;
; N/A                                     ; None                                                ; 10.804 ns       ; A[0] ; A7[5]   ;
; N/A                                     ; None                                                ; 10.798 ns       ; A[0] ; A7[6]   ;
; N/A                                     ; None                                                ; 10.740 ns       ; A[2] ; A7[4]   ;
; N/A                                     ; None                                                ; 10.620 ns       ; A[2] ; A7[3]   ;
; N/A                                     ; None                                                ; 10.516 ns       ; A[3] ; A7[6]   ;
; N/A                                     ; None                                                ; 10.506 ns       ; A[3] ; A7[5]   ;
; N/A                                     ; None                                                ; 10.422 ns       ; A[2] ; A7[1]   ;
; N/A                                     ; None                                                ; 10.419 ns       ; A[2] ; A7[2]   ;
; N/A                                     ; None                                                ; 10.398 ns       ; A[0] ; A7[2]   ;
; N/A                                     ; None                                                ; 10.382 ns       ; B[3] ; V       ;
; N/A                                     ; None                                                ; 10.370 ns       ; A[0] ; A7[1]   ;
; N/A                                     ; None                                                ; 10.351 ns       ; A[1] ; A7[2]   ;
; N/A                                     ; None                                                ; 10.328 ns       ; A[1] ; A7[1]   ;
; N/A                                     ; None                                                ; 10.283 ns       ; F[2] ; V       ;
; N/A                                     ; None                                                ; 10.153 ns       ; F[0] ; V       ;
; N/A                                     ; None                                                ; 10.145 ns       ; A[2] ; A7[0]   ;
; N/A                                     ; None                                                ; 10.137 ns       ; B[2] ; Bled[1] ;
; N/A                                     ; None                                                ; 10.122 ns       ; A[3] ; A7[2]   ;
; N/A                                     ; None                                                ; 10.101 ns       ; A[3] ; A7[1]   ;
; N/A                                     ; None                                                ; 10.093 ns       ; A[0] ; A7[0]   ;
; N/A                                     ; None                                                ; 10.079 ns       ; F[0] ; Bled[1] ;
; N/A                                     ; None                                                ; 10.054 ns       ; B[3] ; S[4]    ;
; N/A                                     ; None                                                ; 10.053 ns       ; B[3] ; S[3]    ;
; N/A                                     ; None                                                ; 10.023 ns       ; A[1] ; A7[0]   ;
; N/A                                     ; None                                                ; 10.008 ns       ; B[0] ; Bled[1] ;
; N/A                                     ; None                                                ; 9.948 ns        ; B[3] ; E[0]    ;
; N/A                                     ; None                                                ; 9.918 ns        ; B[1] ; Bled[2] ;
; N/A                                     ; None                                                ; 9.912 ns        ; B[3] ; E[6]    ;
; N/A                                     ; None                                                ; 9.902 ns        ; B[3] ; E[5]    ;
; N/A                                     ; None                                                ; 9.849 ns        ; F[2] ; E[0]    ;
; N/A                                     ; None                                                ; 9.844 ns        ; B[1] ; Bled[0] ;
; N/A                                     ; None                                                ; 9.825 ns        ; A[3] ; A7[0]   ;
; N/A                                     ; None                                                ; 9.813 ns        ; F[2] ; E[6]    ;
; N/A                                     ; None                                                ; 9.803 ns        ; F[2] ; E[5]    ;
; N/A                                     ; None                                                ; 9.785 ns        ; F[0] ; Bled[2] ;
; N/A                                     ; None                                                ; 9.725 ns        ; F[1] ; Aled[1] ;
; N/A                                     ; None                                                ; 9.719 ns        ; F[0] ; E[0]    ;
; N/A                                     ; None                                                ; 9.687 ns        ; F[2] ; Aled[3] ;
; N/A                                     ; None                                                ; 9.683 ns        ; F[0] ; E[6]    ;
; N/A                                     ; None                                                ; 9.673 ns        ; F[0] ; E[5]    ;
; Timing analysis restricted to 200 rows. ; To change the limit use Settings (Assignments menu) ;                 ;      ;         ;
+-----------------------------------------+-----------------------------------------------------+-----------------+------+---------+


+--------------------------+
; Timing Analyzer Messages ;
+--------------------------+
Info: *******************************************************************
Info: Running Quartus II Classic Timing Analyzer
    Info: Version 9.1 Build 350 03/24/2010 Service Pack 2 SJ Web Edition
    Info: Processing started: Tue Aug 20 22:08:32 2013
Info: Command: quartus_tan --read_settings_files=off --write_settings_files=off ULA -c ULA --timing_analysis_only
Info: Longest tpd from source pin "A[0]" to destination pin "Z" is 17.435 ns
    Info: 1: + IC(0.000 ns) + CELL(0.842 ns) = 0.842 ns; Loc. = PIN_U3; Fanout = 13; PIN Node = 'A[0]'
    Info: 2: + IC(5.364 ns) + CELL(0.437 ns) = 6.643 ns; Loc. = LCCOMB_X8_Y12_N30; Fanout = 3; COMB Node = 'SomadorSubtrator:Soma|MeioSomador:somador1|carry_outMS~0'
    Info: 3: + IC(0.412 ns) + CELL(0.150 ns) = 7.205 ns; Loc. = LCCOMB_X7_Y12_N14; Fanout = 1; COMB Node = 'Mux10~3'
    Info: 4: + IC(0.402 ns) + CELL(0.438 ns) = 8.045 ns; Loc. = LCCOMB_X8_Y12_N4; Fanout = 1; COMB Node = 'Mux10~4'
    Info: 5: + IC(0.253 ns) + CELL(0.275 ns) = 8.573 ns; Loc. = LCCOMB_X8_Y12_N28; Fanout = 1; COMB Node = 'Mux10~0'
    Info: 6: + IC(0.686 ns) + CELL(0.275 ns) = 9.534 ns; Loc. = LCCOMB_X10_Y12_N24; Fanout = 8; COMB Node = 'Mux10~2'
    Info: 7: + IC(2.084 ns) + CELL(0.275 ns) = 11.893 ns; Loc. = LCCOMB_X25_Y4_N30; Fanout = 1; COMB Node = 'Mux8~0'
    Info: 8: + IC(2.754 ns) + CELL(2.788 ns) = 17.435 ns; Loc. = PIN_W19; Fanout = 0; PIN Node = 'Z'
    Info: Total cell delay = 5.480 ns ( 31.43 % )
    Info: Total interconnect delay = 11.955 ns ( 68.57 % )
Info: Quartus II Classic Timing Analyzer was successful. 0 errors, 0 warnings
    Info: Peak virtual memory: 173 megabytes
    Info: Processing ended: Tue Aug 20 22:08:32 2013
    Info: Elapsed time: 00:00:00
    Info: Total CPU time (on all processors): 00:00:00


