EDA Netlist Writer report for alf_5x5
Thu Nov 14 01:40:37 2013
Quartus II 32-bit Version 12.1 Build 177 11/07/2012 SJ Full Version


---------------------
; Table of Contents ;
---------------------
  1. Legal Notice
  2. EDA Netlist Writer Summary
  3. Simulation Settings
  4. Simulation Generated Files
  5. Board-Level Settings
  6. Board-Level Generated Files
  7. EDA Netlist Writer Messages



----------------
; Legal Notice ;
----------------
Copyright (C) 1991-2012 Altera Corporation
Your use of Altera Corporation's design tools, logic functions 
and other software and tools, and its AMPP partner logic 
functions, and any output files from any of the foregoing 
(including device programming or simulation files), and any 
associated documentation or information are expressly subject 
to the terms and conditions of the Altera Program License 
Subscription Agreement, Altera MegaCore Function License 
Agreement, or other applicable license agreement, including, 
without limitation, that your use is for the sole purpose of 
programming logic devices manufactured by Altera and sold by 
Altera or its authorized distributors.  Please refer to the 
applicable agreement for further details.



+------------------------------------------------------------------------------+
; EDA Netlist Writer Summary                                                   ;
+--------------------------------------+---------------------------------------+
; EDA Netlist Writer Status            ; Successful - Thu Nov 14 01:40:37 2013 ;
; Revision Name                        ; alf_5x5                               ;
; Top-level Entity Name                ; alf_5x5                               ;
; Family                               ; Stratix II                            ;
; Simulation Files Creation            ; Successful                            ;
; Board Timing Analysis Files Creation ; Successful                            ;
+--------------------------------------+---------------------------------------+


+----------------------------------------------------------------------------------------------------------------------------+
; Simulation Settings                                                                                                        ;
+---------------------------------------------------------------------------------------------------+------------------------+
; Option                                                                                            ; Setting                ;
+---------------------------------------------------------------------------------------------------+------------------------+
; Tool Name                                                                                         ; ModelSim-Altera (VHDL) ;
; Generate netlist for functional simulation only                                                   ; Off                    ;
; Time scale                                                                                        ; 1 ps                   ;
; Truncate long hierarchy paths                                                                     ; Off                    ;
; Map illegal HDL characters                                                                        ; Off                    ;
; Flatten buses into individual nodes                                                               ; Off                    ;
; Maintain hierarchy                                                                                ; Off                    ;
; Bring out device-wide set/reset signals as ports                                                  ; Off                    ;
; Enable glitch filtering                                                                           ; Off                    ;
; Do not write top level VHDL entity                                                                ; Off                    ;
; Disable detection of setup and hold time violations in the input registers of bi-directional pins ; Off                    ;
; Architecture name in VHDL output netlist                                                          ; structure              ;
; Generate third-party EDA tool command script for RTL functional simulation                        ; Off                    ;
; Generate third-party EDA tool command script for gate-level simulation                            ; Off                    ;
+---------------------------------------------------------------------------------------------------+------------------------+


+------------------------------------------------------------------------------------------------------------------------+
; Simulation Generated Files                                                                                             ;
+------------------------------------------------------------------------------------------------------------------------+
; Generated Files                                                                                                        ;
+------------------------------------------------------------------------------------------------------------------------+
; C:/Users/Fabiane/Dropbox/Artigos HEVC e filtros/ALF/Arquiteturas/5x5 completo/simulation/modelsim/alf_5x5.vho          ;
; C:/Users/Fabiane/Dropbox/Artigos HEVC e filtros/ALF/Arquiteturas/5x5 completo/simulation/modelsim/alf_5x5_fast.vho     ;
; C:/Users/Fabiane/Dropbox/Artigos HEVC e filtros/ALF/Arquiteturas/5x5 completo/simulation/modelsim/alf_5x5_vhd.sdo      ;
; C:/Users/Fabiane/Dropbox/Artigos HEVC e filtros/ALF/Arquiteturas/5x5 completo/simulation/modelsim/alf_5x5_vhd_fast.sdo ;
+------------------------------------------------------------------------------------------------------------------------+


+----------------------------------------+
; Board-Level Settings                   ;
+------------------------------+---------+
; Option                       ; Setting ;
+------------------------------+---------+
; Board Timing Analysis Format ; STAMP   ;
+------------------------------+---------+


+------------------------------------------------------------------------------------------------------------------------------------------------------------------------------------------------------------------------+
; Board-Level Generated Files                                                                                                                                                                                            ;
+------------------------------------------------------------------------------------------------------------------------------------------------------------------------------------------------------------------------+
; Generated Files                                                                                                                                                                                                        ;
+------------------------------------------------------------------------------------------------------------------------------------------------------------------------------------------------------------------------+
; Board Timing Analysis                                                                                                                                                                                                  ;
;     C:/Users/Fabiane/Dropbox/Artigos HEVC e filtros/ALF/Arquiteturas/5x5 completo/timing/stamp/C:/Users/Fabiane/Dropbox/Artigos HEVC e filtros/ALF/Arquiteturas/5x5 completo/timing/stamp//alf_5x5_3_board_slow.mod    ;
;     C:/Users/Fabiane/Dropbox/Artigos HEVC e filtros/ALF/Arquiteturas/5x5 completo/timing/stamp/C:/Users/Fabiane/Dropbox/Artigos HEVC e filtros/ALF/Arquiteturas/5x5 completo/timing/stamp//alf_5x5_3_board_slow.data   ;
;     C:/Users/Fabiane/Dropbox/Artigos HEVC e filtros/ALF/Arquiteturas/5x5 completo/timing/stamp/C:/Users/Fabiane/Dropbox/Artigos HEVC e filtros/ALF/Arquiteturas/5x5 completo/timing/stamp//alf_5x5_min_board_fast.mod  ;
;     C:/Users/Fabiane/Dropbox/Artigos HEVC e filtros/ALF/Arquiteturas/5x5 completo/timing/stamp/C:/Users/Fabiane/Dropbox/Artigos HEVC e filtros/ALF/Arquiteturas/5x5 completo/timing/stamp//alf_5x5_min_board_fast.data ;
;     C:/Users/Fabiane/Dropbox/Artigos HEVC e filtros/ALF/Arquiteturas/5x5 completo/timing/stamp/C:/Users/Fabiane/Dropbox/Artigos HEVC e filtros/ALF/Arquiteturas/5x5 completo/timing/stamp//alf_5x5_board.mod           ;
;     C:/Users/Fabiane/Dropbox/Artigos HEVC e filtros/ALF/Arquiteturas/5x5 completo/timing/stamp/C:/Users/Fabiane/Dropbox/Artigos HEVC e filtros/ALF/Arquiteturas/5x5 completo/timing/stamp//alf_5x5_board.data          ;
+------------------------------------------------------------------------------------------------------------------------------------------------------------------------------------------------------------------------+


+-----------------------------+
; EDA Netlist Writer Messages ;
+-----------------------------+
Info: *******************************************************************
Info: Running Quartus II 32-bit EDA Netlist Writer
    Info: Version 12.1 Build 177 11/07/2012 SJ Full Version
    Info: Processing started: Thu Nov 14 01:40:37 2013
Info: Command: quartus_eda --read_settings_files=off --write_settings_files=off alf_5x5 -c alf_5x5
Info (204026): Generated files "alf_5x5.vho", "alf_5x5_fast.vho", "alf_5x5_vhd.sdo" and "alf_5x5_vhd_fast.sdo" in directory "C:/Users/Fabiane/Dropbox/Artigos HEVC e filtros/ALF/Arquiteturas/5x5 completo/simulation/modelsim/" for EDA simulation tool
Info (199047): Generated files "C:/Users/Fabiane/Dropbox/Artigos HEVC e filtros/ALF/Arquiteturas/5x5 completo/timing/stamp//alf_5x5_3_board_slow.mod" and "C:/Users/Fabiane/Dropbox/Artigos HEVC e filtros/ALF/Arquiteturas/5x5 completo/timing/stamp//alf_5x5_3_board_slow.data"
Info (199047): Generated files "C:/Users/Fabiane/Dropbox/Artigos HEVC e filtros/ALF/Arquiteturas/5x5 completo/timing/stamp//alf_5x5_min_board_fast.mod" and "C:/Users/Fabiane/Dropbox/Artigos HEVC e filtros/ALF/Arquiteturas/5x5 completo/timing/stamp//alf_5x5_min_board_fast.data"
Info (199047): Generated files "C:/Users/Fabiane/Dropbox/Artigos HEVC e filtros/ALF/Arquiteturas/5x5 completo/timing/stamp//alf_5x5_board.mod" and "C:/Users/Fabiane/Dropbox/Artigos HEVC e filtros/ALF/Arquiteturas/5x5 completo/timing/stamp//alf_5x5_board.data"
Info: Quartus II 32-bit EDA Netlist Writer was successful. 0 errors, 0 warnings
    Info: Peak virtual memory: 316 megabytes
    Info: Processing ended: Thu Nov 14 01:40:37 2013
    Info: Elapsed time: 00:00:00
    Info: Total CPU time (on all processors): 00:00:01


