EDA Netlist Writer report for alf_adapt
Fri Nov 15 21:07:31 2013
Quartus II 64-Bit Version 12.1 Build 177 11/07/2012 SJ Full Version


---------------------
; Table of Contents ;
---------------------
  1. Legal Notice
  2. EDA Netlist Writer Summary
  3. Board-Level Settings
  4. Board-Level Generated Files
  5. EDA Netlist Writer Messages



----------------
; Legal Notice ;
----------------
Copyright (C) 1991-2012 Altera Corporation
Your use of Altera Corporation's design tools, logic functions 
and other software and tools, and its AMPP partner logic 
functions, and any output files from any of the foregoing 
(including device programming or simulation files), and any 
associated documentation or information are expressly subject 
to the terms and conditions of the Altera Program License 
Subscription Agreement, Altera MegaCore Function License 
Agreement, or other applicable license agreement, including, 
without limitation, that your use is for the sole purpose of 
programming logic devices manufactured by Altera and sold by 
Altera or its authorized distributors.  Please refer to the 
applicable agreement for further details.



+------------------------------------------------------------------------------+
; EDA Netlist Writer Summary                                                   ;
+--------------------------------------+---------------------------------------+
; EDA Netlist Writer Status            ; Successful - Fri Nov 15 21:07:31 2013 ;
; Revision Name                        ; alf_adapt                             ;
; Top-level Entity Name                ; alf_adapt                             ;
; Family                               ; Stratix V                             ;
; Board Timing Analysis Files Creation ; Successful                            ;
+--------------------------------------+---------------------------------------+


+----------------------------------------+
; Board-Level Settings                   ;
+------------------------------+---------+
; Option                       ; Setting ;
+------------------------------+---------+
; Board Timing Analysis Format ; STAMP   ;
+------------------------------+---------+


+------------------------------------------------------------------------------------------------------------------------------------------------------------------------------------------------------------------------+
; Board-Level Generated Files                                                                                                                                                                                            ;
+------------------------------------------------------------------------------------------------------------------------------------------------------------------------------------------------------------------------+
; Generated Files                                                                                                                                                                                                        ;
+------------------------------------------------------------------------------------------------------------------------------------------------------------------------------------------------------------------------+
; Board Timing Analysis                                                                                                                                                                                                  ;
;     C:/Users/Fabiane/Dropbox/Artigos HEVC e filtros/ALF/Arquiteturas/adapt/timing/stamp/C:/Users/Fabiane/Dropbox/Artigos HEVC e filtros/ALF/Arquiteturas/adapt/timing/stamp//alf_adapt_4_h3_850mv_100c_board_slow.mod  ;
;     C:/Users/Fabiane/Dropbox/Artigos HEVC e filtros/ALF/Arquiteturas/adapt/timing/stamp/C:/Users/Fabiane/Dropbox/Artigos HEVC e filtros/ALF/Arquiteturas/adapt/timing/stamp//alf_adapt_4_h3_850mv_100c_board_slow.data ;
;     C:/Users/Fabiane/Dropbox/Artigos HEVC e filtros/ALF/Arquiteturas/adapt/timing/stamp/C:/Users/Fabiane/Dropbox/Artigos HEVC e filtros/ALF/Arquiteturas/adapt/timing/stamp//alf_adapt_4_h3_850mv_-40c_board_slow.mod  ;
;     C:/Users/Fabiane/Dropbox/Artigos HEVC e filtros/ALF/Arquiteturas/adapt/timing/stamp/C:/Users/Fabiane/Dropbox/Artigos HEVC e filtros/ALF/Arquiteturas/adapt/timing/stamp//alf_adapt_4_h3_850mv_-40c_board_slow.data ;
;     C:/Users/Fabiane/Dropbox/Artigos HEVC e filtros/ALF/Arquiteturas/adapt/timing/stamp/C:/Users/Fabiane/Dropbox/Artigos HEVC e filtros/ALF/Arquiteturas/adapt/timing/stamp//alf_adapt_min_850mv_-40c_board_fast.mod   ;
;     C:/Users/Fabiane/Dropbox/Artigos HEVC e filtros/ALF/Arquiteturas/adapt/timing/stamp/C:/Users/Fabiane/Dropbox/Artigos HEVC e filtros/ALF/Arquiteturas/adapt/timing/stamp//alf_adapt_min_850mv_-40c_board_fast.data  ;
;     C:/Users/Fabiane/Dropbox/Artigos HEVC e filtros/ALF/Arquiteturas/adapt/timing/stamp/C:/Users/Fabiane/Dropbox/Artigos HEVC e filtros/ALF/Arquiteturas/adapt/timing/stamp//alf_adapt_min_850mv_100c_board_fast.mod   ;
;     C:/Users/Fabiane/Dropbox/Artigos HEVC e filtros/ALF/Arquiteturas/adapt/timing/stamp/C:/Users/Fabiane/Dropbox/Artigos HEVC e filtros/ALF/Arquiteturas/adapt/timing/stamp//alf_adapt_min_850mv_100c_board_fast.data  ;
;     C:/Users/Fabiane/Dropbox/Artigos HEVC e filtros/ALF/Arquiteturas/adapt/timing/stamp/C:/Users/Fabiane/Dropbox/Artigos HEVC e filtros/ALF/Arquiteturas/adapt/timing/stamp//alf_adapt_board.mod                       ;
;     C:/Users/Fabiane/Dropbox/Artigos HEVC e filtros/ALF/Arquiteturas/adapt/timing/stamp/C:/Users/Fabiane/Dropbox/Artigos HEVC e filtros/ALF/Arquiteturas/adapt/timing/stamp//alf_adapt_board.data                      ;
+------------------------------------------------------------------------------------------------------------------------------------------------------------------------------------------------------------------------+


+-----------------------------+
; EDA Netlist Writer Messages ;
+-----------------------------+
Info: *******************************************************************
Info: Running Quartus II 64-Bit EDA Netlist Writer
    Info: Version 12.1 Build 177 11/07/2012 SJ Full Version
    Info: Processing started: Fri Nov 15 21:07:29 2013
Info: Command: quartus_eda --read_settings_files=off --write_settings_files=off alf_adapt -c alf_adapt
Info (199047): Generated files "C:/Users/Fabiane/Dropbox/Artigos HEVC e filtros/ALF/Arquiteturas/adapt/timing/stamp//alf_adapt_4_h3_850mv_100c_board_slow.mod" and "C:/Users/Fabiane/Dropbox/Artigos HEVC e filtros/ALF/Arquiteturas/adapt/timing/stamp//alf_adapt_4_h3_850mv_100c_board_slow.data"
Info (199047): Generated files "C:/Users/Fabiane/Dropbox/Artigos HEVC e filtros/ALF/Arquiteturas/adapt/timing/stamp//alf_adapt_4_h3_850mv_-40c_board_slow.mod" and "C:/Users/Fabiane/Dropbox/Artigos HEVC e filtros/ALF/Arquiteturas/adapt/timing/stamp//alf_adapt_4_h3_850mv_-40c_board_slow.data"
Info (199047): Generated files "C:/Users/Fabiane/Dropbox/Artigos HEVC e filtros/ALF/Arquiteturas/adapt/timing/stamp//alf_adapt_min_850mv_-40c_board_fast.mod" and "C:/Users/Fabiane/Dropbox/Artigos HEVC e filtros/ALF/Arquiteturas/adapt/timing/stamp//alf_adapt_min_850mv_-40c_board_fast.data"
Info (199047): Generated files "C:/Users/Fabiane/Dropbox/Artigos HEVC e filtros/ALF/Arquiteturas/adapt/timing/stamp//alf_adapt_min_850mv_100c_board_fast.mod" and "C:/Users/Fabiane/Dropbox/Artigos HEVC e filtros/ALF/Arquiteturas/adapt/timing/stamp//alf_adapt_min_850mv_100c_board_fast.data"
Info (199047): Generated files "C:/Users/Fabiane/Dropbox/Artigos HEVC e filtros/ALF/Arquiteturas/adapt/timing/stamp//alf_adapt_board.mod" and "C:/Users/Fabiane/Dropbox/Artigos HEVC e filtros/ALF/Arquiteturas/adapt/timing/stamp//alf_adapt_board.data"
Info: Quartus II 64-Bit EDA Netlist Writer was successful. 0 errors, 0 warnings
    Info: Peak virtual memory: 532 megabytes
    Info: Processing ended: Fri Nov 15 21:07:31 2013
    Info: Elapsed time: 00:00:02
    Info: Total CPU time (on all processors): 00:00:01


