Flow report for alf_adapt
Fri Nov 15 21:07:31 2013
Quartus II 64-Bit Version 12.1 Build 177 11/07/2012 SJ Full Version


---------------------
; Table of Contents ;
---------------------
  1. Legal Notice
  2. Flow Summary
  3. Flow Settings
  4. Flow Non-Default Global Settings
  5. Flow Elapsed Time
  6. Flow OS Summary
  7. Flow Log



----------------
; Legal Notice ;
----------------
Copyright (C) 1991-2012 Altera Corporation
Your use of Altera Corporation's design tools, logic functions 
and other software and tools, and its AMPP partner logic 
functions, and any output files from any of the foregoing 
(including device programming or simulation files), and any 
associated documentation or information are expressly subject 
to the terms and conditions of the Altera Program License 
Subscription Agreement, Altera MegaCore Function License 
Agreement, or other applicable license agreement, including, 
without limitation, that your use is for the sole purpose of 
programming logic devices manufactured by Altera and sold by 
Altera or its authorized distributors.  Please refer to the 
applicable agreement for further details.



+-----------------------------------------------------------------------------+
; Flow Summary                                                                ;
+---------------------------------+-------------------------------------------+
; Flow Status                     ; Successful - Fri Nov 15 21:07:31 2013     ;
; Quartus II 64-Bit Version       ; 12.1 Build 177 11/07/2012 SJ Full Version ;
; Revision Name                   ; alf_adapt                                 ;
; Top-level Entity Name           ; alf_adapt                                 ;
; Family                          ; Stratix V                                 ;
; Device                          ; 5SGXMABN3F45I4                            ;
; Timing Models                   ; Preliminary                               ;
; Logic utilization (in ALMs)     ; 521 / 359,200 ( < 1 % )                   ;
; Total registers                 ; 1069                                      ;
; Total pins                      ; 524 / 1,064 ( 49 % )                      ;
; Total virtual pins              ; 0                                         ;
; Total block memory bits         ; 0 / 54,067,200 ( 0 % )                    ;
; Total DSP Blocks                ; 17 / 352 ( 5 % )                          ;
; Total HSSI STD RX PCSs          ; 0 / 48 ( 0 % )                            ;
; Total HSSI 10G RX PCSs          ; 0 / 48 ( 0 % )                            ;
; Total HSSI GEN3 RX PCSs         ; 0 / 48 ( 0 % )                            ;
; Total HSSI PMA RX Deserializers ; 0 / 48 ( 0 % )                            ;
; Total HSSI STD TX PCSs          ; 0 / 48 ( 0 % )                            ;
; Total HSSI 10G TX PCSs          ; 0 / 48 ( 0 % )                            ;
; Total HSSI GEN3 TX PCSs         ; 0 / 48 ( 0 % )                            ;
; Total HSSI PMA TX Serializers   ; 0 / 48 ( 0 % )                            ;
; Total HSSI PIPE GEN1_2s         ; 0 / 48 ( 0 % )                            ;
; Total HSSI GEN3s                ; 0 / 48 ( 0 % )                            ;
; Total PLLs                      ; 0 / 98 ( 0 % )                            ;
; Total DLLs                      ; 0 / 4 ( 0 % )                             ;
+---------------------------------+-------------------------------------------+


+-----------------------------------------+
; Flow Settings                           ;
+-------------------+---------------------+
; Option            ; Setting             ;
+-------------------+---------------------+
; Start date & time ; 11/15/2013 21:01:16 ;
; Main task         ; Compilation         ;
; Revision Name     ; alf_adapt           ;
+-------------------+---------------------+


+-------------------------------------------------------------------------------------------------------------------------------+
; Flow Non-Default Global Settings                                                                                              ;
+-------------------------------------+---------------------------------+---------------+-------------+-------------------------+
; Assignment Name                     ; Value                           ; Default Value ; Entity Name ; Section Id              ;
+-------------------------------------+---------------------------------+---------------+-------------+-------------------------+
; COMPILER_SIGNATURE_ID               ; 158515246333408.138455647609604 ; --            ; --          ; --                      ;
; EDA_BOARD_DESIGN_TIMING_TOOL        ; Stamp (Timing)                  ; <None>        ; --          ; --                      ;
; EDA_OUTPUT_DATA_FORMAT              ; Stamp                           ; --            ; --          ; eda_board_design_timing ;
; MAX_CORE_JUNCTION_TEMP              ; 100                             ; --            ; --          ; --                      ;
; MIN_CORE_JUNCTION_TEMP              ; -40                             ; --            ; --          ; --                      ;
; PARTITION_COLOR                     ; 16764057                        ; --            ; --          ; Top                     ;
; PARTITION_FITTER_PRESERVATION_LEVEL ; PLACEMENT_AND_ROUTING           ; --            ; --          ; Top                     ;
; PARTITION_NETLIST_TYPE              ; SOURCE                          ; --            ; --          ; Top                     ;
+-------------------------------------+---------------------------------+---------------+-------------+-------------------------+


+-------------------------------------------------------------------------------------------------------------------------------+
; Flow Elapsed Time                                                                                                             ;
+---------------------------+--------------+-------------------------+---------------------+------------------------------------+
; Module Name               ; Elapsed Time ; Average Processors Used ; Peak Virtual Memory ; Total CPU Time (on all processors) ;
+---------------------------+--------------+-------------------------+---------------------+------------------------------------+
; Analysis & Synthesis      ; 00:00:05     ; 1.0                     ; 553 MB              ; 00:00:05                           ;
; Fitter                    ; 00:05:24     ; 3.1                     ; 6367 MB             ; 00:07:43                           ;
; Assembler                 ; 00:00:01     ; 1.0                     ; 445 MB              ; 00:00:01                           ;
; TimeQuest Timing Analyzer ; 00:00:29     ; 1.0                     ; 3537 MB             ; 00:00:30                           ;
; EDA Netlist Writer        ; 00:00:02     ; 1.0                     ; 532 MB              ; 00:00:01                           ;
; Total                     ; 00:06:01     ; --                      ; --                  ; 00:08:20                           ;
+---------------------------+--------------+-------------------------+---------------------+------------------------------------+


+----------------------------------------------------------------------------------------+
; Flow OS Summary                                                                        ;
+---------------------------+------------------+-----------+------------+----------------+
; Module Name               ; Machine Hostname ; OS Name   ; OS Version ; Processor type ;
+---------------------------+------------------+-----------+------------+----------------+
; Analysis & Synthesis      ; Cliente-PC2      ; Windows 7 ; 6.1        ; x86_64         ;
; Fitter                    ; Cliente-PC2      ; Windows 7 ; 6.1        ; x86_64         ;
; Assembler                 ; Cliente-PC2      ; Windows 7 ; 6.1        ; x86_64         ;
; TimeQuest Timing Analyzer ; Cliente-PC2      ; Windows 7 ; 6.1        ; x86_64         ;
; EDA Netlist Writer        ; Cliente-PC2      ; Windows 7 ; 6.1        ; x86_64         ;
+---------------------------+------------------+-----------+------------+----------------+


------------
; Flow Log ;
------------
quartus_map --read_settings_files=on --write_settings_files=off alf_adapt -c alf_adapt
quartus_fit --read_settings_files=off --write_settings_files=off alf_adapt -c alf_adapt
quartus_asm --read_settings_files=off --write_settings_files=off alf_adapt -c alf_adapt
quartus_sta alf_adapt -c alf_adapt
quartus_eda --read_settings_files=off --write_settings_files=off alf_adapt -c alf_adapt



